;  LST file generated by mikroListExporter - v.2.0 
; Date/Time: 04.09.2016 15:03:42
;----------------------------------------------

;Address Opcode 	ASM
0x0000	0xF004EF3D  	GOTO        2170
0x0004	0x0000      	NOP
0x0006	0x0000      	NOP
0x0008	0xF000EF00  	GOTO        0
0x000C	0x0000      	NOP
0x000E	0x0000      	NOP
0x0010	0x0000      	NOP
0x0012	0x0000      	NOP
0x0014	0x0000      	NOP
0x0016	0x0000      	NOP
0x0018	0xD7F3      	BRA         0
__Lib_CAN_C_A_CANIDToRegs:
;__Lib_CAN_C_A.c,191 :: 		
;__Lib_CAN_C_A.c,193 :: 		
0x001C	0xF003C063  	MOVFF       FARG___Lib_CAN_C_A_CANIDToRegs_val, R3
;__Lib_CAN_C_A.c,194 :: 		
0x0020	0xF004C064  	MOVFF       FARG___Lib_CAN_C_A_CANIDToRegs_val+1, R4
;__Lib_CAN_C_A.c,195 :: 		
0x0024	0xF005C065  	MOVFF       FARG___Lib_CAN_C_A_CANIDToRegs_val+2, R5
;__Lib_CAN_C_A.c,196 :: 		
0x0028	0xF006C066  	MOVFF       FARG___Lib_CAN_C_A_CANIDToRegs_val+3, R6
;__Lib_CAN_C_A.c,198 :: 		
0x002C	0x0100      	MOVLB       0
0x002E	0xA767      	BTFSS       FARG___Lib_CAN_C_A_CANIDToRegs_CAN_CONFIG_FLAGS, 3, 1
0x0030	0xD02C      	BRA         L___Lib_CAN_C_A_CANIDToRegs0
;__Lib_CAN_C_A.c,200 :: 		
0x0032	0xF002C003  	MOVFF       R3, R2
0x0036	0x3202      	RRCF        R2, 1 
0x0038	0x9E02      	BCF         R2, 7 
0x003A	0x3202      	RRCF        R2, 1 
0x003C	0x9E02      	BCF         R2, 7 
0x003E	0x3202      	RRCF        R2, 1 
0x0040	0x9E02      	BCF         R2, 7 
0x0042	0x0E05      	MOVLW       5
0x0044	0x6E01      	MOVWF       R1 
0x0046	0xF000C004  	MOVFF       R4, R0
0x004A	0x5001      	MOVF        R1, 0 
L___Lib_CAN_C_A_CANIDToRegs55:
0x004C	0xE004      	BZ          L___Lib_CAN_C_A_CANIDToRegs56
0x004E	0x3600      	RLCF        R0, 1 
0x0050	0x9000      	BCF         R0, 0 
0x0052	0x0FFF      	ADDLW       255
0x0054	0xD7FB      	BRA         L___Lib_CAN_C_A_CANIDToRegs55
L___Lib_CAN_C_A_CANIDToRegs56:
0x0056	0xFFE1C061  	MOVFF       FARG___Lib_CAN_C_A_CANIDToRegs_ptr, FSR1L
0x005A	0xFFE2C062  	MOVFF       FARG___Lib_CAN_C_A_CANIDToRegs_ptr+1, FSR1H
0x005E	0x5000      	MOVF        R0, 0 
0x0060	0x1002      	IORWF       R2, 0 
0x0062	0x6EE6      	MOVWF       POSTINC1 
;__Lib_CAN_C_A.c,202 :: 		
0x0064	0x4B61      	INFSNZ      FARG___Lib_CAN_C_A_CANIDToRegs_ptr, 1, 1
0x0066	0x2B62      	INCF        FARG___Lib_CAN_C_A_CANIDToRegs_ptr+1, 1, 1
;__Lib_CAN_C_A.c,203 :: 		
0x0068	0x0E05      	MOVLW       5
0x006A	0x6E01      	MOVWF       R1 
0x006C	0xF000C003  	MOVFF       R3, R0
0x0070	0x5001      	MOVF        R1, 0 
L___Lib_CAN_C_A_CANIDToRegs57:
0x0072	0xE004      	BZ          L___Lib_CAN_C_A_CANIDToRegs58
0x0074	0x3600      	RLCF        R0, 1 
0x0076	0x9000      	BCF         R0, 0 
0x0078	0x0FFF      	ADDLW       255
0x007A	0xD7FB      	BRA         L___Lib_CAN_C_A_CANIDToRegs57
L___Lib_CAN_C_A_CANIDToRegs58:
0x007C	0xFFE1C061  	MOVFF       FARG___Lib_CAN_C_A_CANIDToRegs_ptr, FSR1L
0x0080	0xFFE2C062  	MOVFF       FARG___Lib_CAN_C_A_CANIDToRegs_ptr+1, FSR1H
0x0084	0xFFE6C000  	MOVFF       R0, POSTINC1
;__Lib_CAN_C_A.c,204 :: 		
0x0088	0xD042      	BRA         L___Lib_CAN_C_A_CANIDToRegs1
L___Lib_CAN_C_A_CANIDToRegs0:
;__Lib_CAN_C_A.c,207 :: 		
0x008A	0x0E05      	MOVLW       5
0x008C	0x6E00      	MOVWF       R0 
0x008E	0xF002C005  	MOVFF       R5, R2
0x0092	0x5000      	MOVF        R0, 0 
L___Lib_CAN_C_A_CANIDToRegs59:
0x0094	0xE004      	BZ          L___Lib_CAN_C_A_CANIDToRegs60
0x0096	0x3202      	RRCF        R2, 1 
0x0098	0x9E02      	BCF         R2, 7 
0x009A	0x0FFF      	ADDLW       255
0x009C	0xD7FB      	BRA         L___Lib_CAN_C_A_CANIDToRegs59
L___Lib_CAN_C_A_CANIDToRegs60:
0x009E	0xF000C006  	MOVFF       R6, R0
0x00A2	0x3600      	RLCF        R0, 1 
0x00A4	0x9000      	BCF         R0, 0 
0x00A6	0x3600      	RLCF        R0, 1 
0x00A8	0x9000      	BCF         R0, 0 
0x00AA	0x3600      	RLCF        R0, 1 
0x00AC	0x9000      	BCF         R0, 0 
0x00AE	0xFFE1C061  	MOVFF       FARG___Lib_CAN_C_A_CANIDToRegs_ptr, FSR1L
0x00B2	0xFFE2C062  	MOVFF       FARG___Lib_CAN_C_A_CANIDToRegs_ptr+1, FSR1H
0x00B6	0x5000      	MOVF        R0, 0 
0x00B8	0x1002      	IORWF       R2, 0 
0x00BA	0x6EE6      	MOVWF       POSTINC1 
;__Lib_CAN_C_A.c,209 :: 		
0x00BC	0x4B61      	INFSNZ      FARG___Lib_CAN_C_A_CANIDToRegs_ptr, 1, 1
0x00BE	0x2B62      	INCF        FARG___Lib_CAN_C_A_CANIDToRegs_ptr+1, 1, 1
;__Lib_CAN_C_A.c,210 :: 		
0x00C0	0xF000C005  	MOVFF       R5, R0
0x00C4	0x3600      	RLCF        R0, 1 
0x00C6	0x9000      	BCF         R0, 0 
0x00C8	0x3600      	RLCF        R0, 1 
0x00CA	0x9000      	BCF         R0, 0 
0x00CC	0x3600      	RLCF        R0, 1 
0x00CE	0x9000      	BCF         R0, 0 
0x00D0	0x0EE0      	MOVLW       224
0x00D2	0x1600      	ANDWF       R0, 1 
0x00D4	0x0E08      	MOVLW       8
0x00D6	0x1000      	IORWF       R0, 0 
0x00D8	0x6E01      	MOVWF       R1 
0x00DA	0x0E03      	MOVLW       3
0x00DC	0x1405      	ANDWF       R5, 0 
0x00DE	0x6E00      	MOVWF       R0 
0x00E0	0xFFE1C061  	MOVFF       FARG___Lib_CAN_C_A_CANIDToRegs_ptr, FSR1L
0x00E4	0xFFE2C062  	MOVFF       FARG___Lib_CAN_C_A_CANIDToRegs_ptr+1, FSR1H
0x00E8	0x5000      	MOVF        R0, 0 
0x00EA	0x1001      	IORWF       R1, 0 
0x00EC	0x6EE6      	MOVWF       POSTINC1 
;__Lib_CAN_C_A.c,214 :: 		
0x00EE	0x4B61      	INFSNZ      FARG___Lib_CAN_C_A_CANIDToRegs_ptr, 1, 1
0x00F0	0x2B62      	INCF        FARG___Lib_CAN_C_A_CANIDToRegs_ptr+1, 1, 1
;__Lib_CAN_C_A.c,216 :: 		
0x00F2	0xFFE1C061  	MOVFF       FARG___Lib_CAN_C_A_CANIDToRegs_ptr, FSR1L
0x00F6	0xFFE2C062  	MOVFF       FARG___Lib_CAN_C_A_CANIDToRegs_ptr+1, FSR1H
0x00FA	0xFFE6C004  	MOVFF       R4, POSTINC1
;__Lib_CAN_C_A.c,217 :: 		
0x00FE	0x4B61      	INFSNZ      FARG___Lib_CAN_C_A_CANIDToRegs_ptr, 1, 1
0x0100	0x2B62      	INCF        FARG___Lib_CAN_C_A_CANIDToRegs_ptr+1, 1, 1
;__Lib_CAN_C_A.c,219 :: 		
0x0102	0xFFE1C061  	MOVFF       FARG___Lib_CAN_C_A_CANIDToRegs_ptr, FSR1L
0x0106	0xFFE2C062  	MOVFF       FARG___Lib_CAN_C_A_CANIDToRegs_ptr+1, FSR1H
0x010A	0xFFE6C003  	MOVFF       R3, POSTINC1
;__Lib_CAN_C_A.c,220 :: 		
L___Lib_CAN_C_A_CANIDToRegs1:
;__Lib_CAN_C_A.c,221 :: 		
L_end_CANIDToRegs:
0x010E	0x0012      	RETURN      0
; end of __Lib_CAN_C_A_CANIDToRegs
_CANSetOperationMode:
;__Lib_CAN_C_A.c,243 :: 		
;__Lib_CAN_C_A.c,244 :: 		
0x0110	0x5255      	MOVF        FARG_CANSetOperationMode_WAIT, 1 
0x0112	0xE00A      	BZ          L_CANSetOperationMode2
;__Lib_CAN_C_A.c,246 :: 		
0x0114	0xFF6FC054  	MOVFF       FARG_CANSetOperationMode_mode, CANCON
;__Lib_CAN_C_A.c,248 :: 		
L_CANSetOperationMode3:
0x0118	0x0EE0      	MOVLW       224
0x011A	0x146E      	ANDWF       CANSTAT, 0 
0x011C	0x6E01      	MOVWF       R1 
0x011E	0x5001      	MOVF        R1, 0 
0x0120	0x1854      	XORWF       FARG_CANSetOperationMode_mode, 0 
0x0122	0xE001      	BZ          L_CANSetOperationMode4
0x0124	0xD7F9      	BRA         L_CANSetOperationMode3
L_CANSetOperationMode4:
;__Lib_CAN_C_A.c,249 :: 		
0x0126	0xD002      	BRA         L_CANSetOperationMode5
L_CANSetOperationMode2:
;__Lib_CAN_C_A.c,252 :: 		
0x0128	0xFF6FC054  	MOVFF       FARG_CANSetOperationMode_mode, CANCON
;__Lib_CAN_C_A.c,253 :: 		
L_CANSetOperationMode5:
;__Lib_CAN_C_A.c,254 :: 		
L_end_CANSetOperationMode:
0x012C	0x0012      	RETURN      0
; end of _CANSetOperationMode
_Div_16X16_U:
;__Lib_Math.c,102 :: 		
;__Lib_Math.c,109 :: 		
0x012E	0x6A08      	CLRF        R8, 0
;__Lib_Math.c,110 :: 		
0x0130	0x6A09      	CLRF        R9, 0
;__Lib_Math.c,111 :: 		
0x0132	0x0E10      	MOVLW       16
;__Lib_Math.c,112 :: 		
0x0134	0x6E0C      	MOVWF       R12, 0
;__Lib_Math.c,113 :: 		
0x0136	0x3401      	RLCF        R1, 0, 0
;__Lib_Math.c,114 :: 		
0x0138	0x3608      	RLCF        R8, 1, 0
;__Lib_Math.c,115 :: 		
0x013A	0x3609      	RLCF        R9, 1, 0
;__Lib_Math.c,116 :: 		
0x013C	0x5004      	MOVF        R4, 0, 0
;__Lib_Math.c,117 :: 		
0x013E	0x5E08      	SUBWF       R8, 1, 0
;__Lib_Math.c,118 :: 		
0x0140	0x5005      	MOVF        R5, 0, 0
;__Lib_Math.c,119 :: 		
0x0142	0xA0D8      	BTFSS       STATUS, 0, 0
;__Lib_Math.c,120 :: 		
0x0144	0x3C05      	INCFSZ      R5, 0, 0
;__Lib_Math.c,121 :: 		
0x0146	0x5E09      	SUBWF       R9, 1, 0
;__Lib_Math.c,122 :: 		
0x0148	0xB0D8      	BTFSC       STATUS, 0, 0
;__Lib_Math.c,123 :: 		
0x014A	0xD007      	BRA         $+16
;__Lib_Math.c,124 :: 		
0x014C	0x5004      	MOVF        R4, 0, 0
;__Lib_Math.c,125 :: 		
0x014E	0x2608      	ADDWF       R8, 1, 0
;__Lib_Math.c,126 :: 		
0x0150	0x5005      	MOVF        R5, 0, 0
;__Lib_Math.c,127 :: 		
0x0152	0xB0D8      	BTFSC       STATUS, 0, 0
;__Lib_Math.c,128 :: 		
0x0154	0x3C05      	INCFSZ      R5, 0, 0
;__Lib_Math.c,129 :: 		
0x0156	0x2609      	ADDWF       R9, 1, 0
;__Lib_Math.c,130 :: 		
0x0158	0x90D8      	BCF         STATUS, 0, 0
;__Lib_Math.c,131 :: 		
0x015A	0x3600      	RLCF        R0, 1, 0
;__Lib_Math.c,132 :: 		
0x015C	0x3601      	RLCF        R1, 1, 0
;__Lib_Math.c,133 :: 		
0x015E	0x2E0C      	DECFSZ      R12, 1, 0
;__Lib_Math.c,134 :: 		
0x0160	0xD7EA      	BRA         $-42
;__Lib_Math.c,136 :: 		
L_end_Div_16X16_U:
0x0162	0x0012      	RETURN      0
; end of _Div_16X16_U
_CANSetFilter:
;__Lib_CAN_C_A.c,409 :: 		
;__Lib_CAN_C_A.c,411 :: 		
0x0164	0xD066      	BRA         L_CANSetFilter11
;__Lib_CAN_C_A.c,412 :: 		
L_CANSetFilter13:
;__Lib_CAN_C_A.c,413 :: 		
0x0166	0x0E00      	MOVLW       RXF0SIDH
0x0168	0x0100      	MOVLB       0
0x016A	0x6F61      	MOVWF       FARG___Lib_CAN_C_A_CANIDToRegs_ptr, 1
0x016C	0x0E0F      	MOVLW       hi_addr(RXF0SIDH)
0x016E	0x6F62      	MOVWF       FARG___Lib_CAN_C_A_CANIDToRegs_ptr+1, 1
0x0170	0xF063C055  	MOVFF       FARG_CANSetFilter_val, FARG___Lib_CAN_C_A_CANIDToRegs_val
0x0174	0xF064C056  	MOVFF       FARG_CANSetFilter_val+1, FARG___Lib_CAN_C_A_CANIDToRegs_val+1
0x0178	0xF065C057  	MOVFF       FARG_CANSetFilter_val+2, FARG___Lib_CAN_C_A_CANIDToRegs_val+2
0x017C	0xF066C058  	MOVFF       FARG_CANSetFilter_val+3, FARG___Lib_CAN_C_A_CANIDToRegs_val+3
0x0180	0xF067C059  	MOVFF       FARG_CANSetFilter_CAN_CONFIG_FLAGS, FARG___Lib_CAN_C_A_CANIDToRegs_CAN_CONFIG_FLAGS
0x0184	0xDF4B      	RCALL       __Lib_CAN_C_A_CANIDToRegs
;__Lib_CAN_C_A.c,414 :: 		
0x0186	0xD065      	BRA         L_CANSetFilter12
;__Lib_CAN_C_A.c,415 :: 		
L_CANSetFilter14:
0x0188	0x0100      	MOVLB       0
;__Lib_CAN_C_A.c,416 :: 		
0x018A	0x0E04      	MOVLW       RXF1SIDH
0x018C	0x6F61      	MOVWF       FARG___Lib_CAN_C_A_CANIDToRegs_ptr, 1
0x018E	0x0E0F      	MOVLW       hi_addr(RXF1SIDH)
0x0190	0x6F62      	MOVWF       FARG___Lib_CAN_C_A_CANIDToRegs_ptr+1, 1
0x0192	0xF063C055  	MOVFF       FARG_CANSetFilter_val, FARG___Lib_CAN_C_A_CANIDToRegs_val
0x0196	0xF064C056  	MOVFF       FARG_CANSetFilter_val+1, FARG___Lib_CAN_C_A_CANIDToRegs_val+1
0x019A	0xF065C057  	MOVFF       FARG_CANSetFilter_val+2, FARG___Lib_CAN_C_A_CANIDToRegs_val+2
0x019E	0xF066C058  	MOVFF       FARG_CANSetFilter_val+3, FARG___Lib_CAN_C_A_CANIDToRegs_val+3
0x01A2	0xF067C059  	MOVFF       FARG_CANSetFilter_CAN_CONFIG_FLAGS, FARG___Lib_CAN_C_A_CANIDToRegs_CAN_CONFIG_FLAGS
0x01A6	0xDF3A      	RCALL       __Lib_CAN_C_A_CANIDToRegs
;__Lib_CAN_C_A.c,417 :: 		
0x01A8	0xD054      	BRA         L_CANSetFilter12
;__Lib_CAN_C_A.c,418 :: 		
L_CANSetFilter15:
0x01AA	0x0100      	MOVLB       0
;__Lib_CAN_C_A.c,419 :: 		
0x01AC	0x0E08      	MOVLW       RXF2SIDH
0x01AE	0x6F61      	MOVWF       FARG___Lib_CAN_C_A_CANIDToRegs_ptr, 1
0x01B0	0x0E0F      	MOVLW       hi_addr(RXF2SIDH)
0x01B2	0x6F62      	MOVWF       FARG___Lib_CAN_C_A_CANIDToRegs_ptr+1, 1
0x01B4	0xF063C055  	MOVFF       FARG_CANSetFilter_val, FARG___Lib_CAN_C_A_CANIDToRegs_val
0x01B8	0xF064C056  	MOVFF       FARG_CANSetFilter_val+1, FARG___Lib_CAN_C_A_CANIDToRegs_val+1
0x01BC	0xF065C057  	MOVFF       FARG_CANSetFilter_val+2, FARG___Lib_CAN_C_A_CANIDToRegs_val+2
0x01C0	0xF066C058  	MOVFF       FARG_CANSetFilter_val+3, FARG___Lib_CAN_C_A_CANIDToRegs_val+3
0x01C4	0xF067C059  	MOVFF       FARG_CANSetFilter_CAN_CONFIG_FLAGS, FARG___Lib_CAN_C_A_CANIDToRegs_CAN_CONFIG_FLAGS
0x01C8	0xDF29      	RCALL       __Lib_CAN_C_A_CANIDToRegs
;__Lib_CAN_C_A.c,420 :: 		
0x01CA	0xD043      	BRA         L_CANSetFilter12
;__Lib_CAN_C_A.c,421 :: 		
L_CANSetFilter16:
0x01CC	0x0100      	MOVLB       0
;__Lib_CAN_C_A.c,422 :: 		
0x01CE	0x0E0C      	MOVLW       RXF3SIDH
0x01D0	0x6F61      	MOVWF       FARG___Lib_CAN_C_A_CANIDToRegs_ptr, 1
0x01D2	0x0E0F      	MOVLW       hi_addr(RXF3SIDH)
0x01D4	0x6F62      	MOVWF       FARG___Lib_CAN_C_A_CANIDToRegs_ptr+1, 1
0x01D6	0xF063C055  	MOVFF       FARG_CANSetFilter_val, FARG___Lib_CAN_C_A_CANIDToRegs_val
0x01DA	0xF064C056  	MOVFF       FARG_CANSetFilter_val+1, FARG___Lib_CAN_C_A_CANIDToRegs_val+1
0x01DE	0xF065C057  	MOVFF       FARG_CANSetFilter_val+2, FARG___Lib_CAN_C_A_CANIDToRegs_val+2
0x01E2	0xF066C058  	MOVFF       FARG_CANSetFilter_val+3, FARG___Lib_CAN_C_A_CANIDToRegs_val+3
0x01E6	0xF067C059  	MOVFF       FARG_CANSetFilter_CAN_CONFIG_FLAGS, FARG___Lib_CAN_C_A_CANIDToRegs_CAN_CONFIG_FLAGS
0x01EA	0xDF18      	RCALL       __Lib_CAN_C_A_CANIDToRegs
;__Lib_CAN_C_A.c,423 :: 		
0x01EC	0xD032      	BRA         L_CANSetFilter12
;__Lib_CAN_C_A.c,424 :: 		
L_CANSetFilter17:
0x01EE	0x0100      	MOVLB       0
;__Lib_CAN_C_A.c,425 :: 		
0x01F0	0x0E10      	MOVLW       RXF4SIDH
0x01F2	0x6F61      	MOVWF       FARG___Lib_CAN_C_A_CANIDToRegs_ptr, 1
0x01F4	0x0E0F      	MOVLW       hi_addr(RXF4SIDH)
0x01F6	0x6F62      	MOVWF       FARG___Lib_CAN_C_A_CANIDToRegs_ptr+1, 1
0x01F8	0xF063C055  	MOVFF       FARG_CANSetFilter_val, FARG___Lib_CAN_C_A_CANIDToRegs_val
0x01FC	0xF064C056  	MOVFF       FARG_CANSetFilter_val+1, FARG___Lib_CAN_C_A_CANIDToRegs_val+1
0x0200	0xF065C057  	MOVFF       FARG_CANSetFilter_val+2, FARG___Lib_CAN_C_A_CANIDToRegs_val+2
0x0204	0xF066C058  	MOVFF       FARG_CANSetFilter_val+3, FARG___Lib_CAN_C_A_CANIDToRegs_val+3
0x0208	0xF067C059  	MOVFF       FARG_CANSetFilter_CAN_CONFIG_FLAGS, FARG___Lib_CAN_C_A_CANIDToRegs_CAN_CONFIG_FLAGS
0x020C	0xDF07      	RCALL       __Lib_CAN_C_A_CANIDToRegs
;__Lib_CAN_C_A.c,426 :: 		
0x020E	0xD021      	BRA         L_CANSetFilter12
;__Lib_CAN_C_A.c,427 :: 		
L_CANSetFilter18:
0x0210	0x0100      	MOVLB       0
;__Lib_CAN_C_A.c,428 :: 		
0x0212	0x0E14      	MOVLW       RXF5SIDH
0x0214	0x6F61      	MOVWF       FARG___Lib_CAN_C_A_CANIDToRegs_ptr, 1
0x0216	0x0E0F      	MOVLW       hi_addr(RXF5SIDH)
0x0218	0x6F62      	MOVWF       FARG___Lib_CAN_C_A_CANIDToRegs_ptr+1, 1
0x021A	0xF063C055  	MOVFF       FARG_CANSetFilter_val, FARG___Lib_CAN_C_A_CANIDToRegs_val
0x021E	0xF064C056  	MOVFF       FARG_CANSetFilter_val+1, FARG___Lib_CAN_C_A_CANIDToRegs_val+1
0x0222	0xF065C057  	MOVFF       FARG_CANSetFilter_val+2, FARG___Lib_CAN_C_A_CANIDToRegs_val+2
0x0226	0xF066C058  	MOVFF       FARG_CANSetFilter_val+3, FARG___Lib_CAN_C_A_CANIDToRegs_val+3
0x022A	0xF067C059  	MOVFF       FARG_CANSetFilter_CAN_CONFIG_FLAGS, FARG___Lib_CAN_C_A_CANIDToRegs_CAN_CONFIG_FLAGS
0x022E	0xDEF6      	RCALL       __Lib_CAN_C_A_CANIDToRegs
;__Lib_CAN_C_A.c,429 :: 		
0x0230	0xD010      	BRA         L_CANSetFilter12
L_CANSetFilter11:
0x0232	0x5054      	MOVF        FARG_CANSetFilter_CAN_FILTER, 0 
0x0234	0x0A00      	XORLW       0
0x0236	0xE097      	BZ          L_CANSetFilter13
0x0238	0x5054      	MOVF        FARG_CANSetFilter_CAN_FILTER, 0 
0x023A	0x0A01      	XORLW       1
0x023C	0xE0A5      	BZ          L_CANSetFilter14
0x023E	0x5054      	MOVF        FARG_CANSetFilter_CAN_FILTER, 0 
0x0240	0x0A02      	XORLW       2
0x0242	0xE0B3      	BZ          L_CANSetFilter15
0x0244	0x5054      	MOVF        FARG_CANSetFilter_CAN_FILTER, 0 
0x0246	0x0A03      	XORLW       3
0x0248	0xE0C1      	BZ          L_CANSetFilter16
0x024A	0x5054      	MOVF        FARG_CANSetFilter_CAN_FILTER, 0 
0x024C	0x0A04      	XORLW       4
0x024E	0xE0CF      	BZ          L_CANSetFilter17
0x0250	0xD7DF      	BRA         L_CANSetFilter18
L_CANSetFilter12:
;__Lib_CAN_C_A.c,433 :: 		
L_end_CANSetFilter:
0x0252	0x0012      	RETURN      0
; end of _CANSetFilter
_CANSetBaudRate:
;__Lib_CAN_C_A.c,334 :: 		
;__Lib_CAN_C_A.c,337 :: 		
0x0254	0x0654      	DECF        FARG_CANSetBaudRate_SJW, 1 
;__Lib_CAN_C_A.c,338 :: 		
0x0256	0x0655      	DECF        FARG_CANSetBaudRate_BRP, 1 
;__Lib_CAN_C_A.c,339 :: 		
0x0258	0x0656      	DECF        FARG_CANSetBaudRate_PHSEG1, 1 
;__Lib_CAN_C_A.c,340 :: 		
0x025A	0x0657      	DECF        FARG_CANSetBaudRate_PHSEG2, 1 
;__Lib_CAN_C_A.c,341 :: 		
0x025C	0x0658      	DECF        FARG_CANSetBaudRate_PROPSEG, 1 
;__Lib_CAN_C_A.c,343 :: 		
0x025E	0x0E06      	MOVLW       6
0x0260	0x6E00      	MOVWF       R0 
0x0262	0xFF70C054  	MOVFF       FARG_CANSetBaudRate_SJW, BRGCON1
0x0266	0x5000      	MOVF        R0, 0 
L__CANSetBaudRate64:
0x0268	0xE004      	BZ          L__CANSetBaudRate65
0x026A	0x3670      	RLCF        BRGCON1, 1 
0x026C	0x9070      	BCF         BRGCON1, 0 
0x026E	0x0FFF      	ADDLW       255
0x0270	0xD7FB      	BRA         L__CANSetBaudRate64
L__CANSetBaudRate65:
;__Lib_CAN_C_A.c,344 :: 		
0x0272	0x5055      	MOVF        FARG_CANSetBaudRate_BRP, 0 
0x0274	0x1270      	IORWF       BRGCON1, 1 
;__Lib_CAN_C_A.c,345 :: 		
0x0276	0xFF71C056  	MOVFF       FARG_CANSetBaudRate_PHSEG1, BRGCON2
0x027A	0x3671      	RLCF        BRGCON2, 1 
0x027C	0x9071      	BCF         BRGCON2, 0 
0x027E	0x3671      	RLCF        BRGCON2, 1 
0x0280	0x9071      	BCF         BRGCON2, 0 
0x0282	0x3671      	RLCF        BRGCON2, 1 
0x0284	0x9071      	BCF         BRGCON2, 0 
;__Lib_CAN_C_A.c,346 :: 		
0x0286	0x5058      	MOVF        FARG_CANSetBaudRate_PROPSEG, 0 
0x0288	0x1271      	IORWF       BRGCON2, 1 
;__Lib_CAN_C_A.c,348 :: 		
0x028A	0xA459      	BTFSS       FARG_CANSetBaudRate_CAN_CONFIG_FLAGS, 2 
;__Lib_CAN_C_A.c,349 :: 		
0x028C	0x8C71      	BSF         BRGCON2, 6 
L_CANSetBaudRate6:
;__Lib_CAN_C_A.c,351 :: 		
0x028E	0xB059      	BTFSC       FARG_CANSetBaudRate_CAN_CONFIG_FLAGS, 0 
;__Lib_CAN_C_A.c,352 :: 		
0x0290	0x8E71      	BSF         BRGCON2, 7 
L_CANSetBaudRate7:
;__Lib_CAN_C_A.c,355 :: 		
0x0292	0xFF72C057  	MOVFF       FARG_CANSetBaudRate_PHSEG2, BRGCON3
;__Lib_CAN_C_A.c,356 :: 		
0x0296	0xB259      	BTFSC       FARG_CANSetBaudRate_CAN_CONFIG_FLAGS, 1 
;__Lib_CAN_C_A.c,357 :: 		
0x0298	0x8C72      	BSF         BRGCON3, 6 
L_CANSetBaudRate8:
;__Lib_CAN_C_A.c,358 :: 		
L_end_CANSetBaudRate:
0x029A	0x0012      	RETURN      0
; end of _CANSetBaudRate
__Lib_CAN_C_A_RegsToCANID:
;__Lib_CAN_C_A.c,460 :: 		
;__Lib_CAN_C_A.c,462 :: 		
0x029C	0x6A57      	CLRF        __Lib_CAN_C_A_RegsToCANID_rslt_L0 
0x029E	0x6A58      	CLRF        __Lib_CAN_C_A_RegsToCANID_rslt_L0+1 
0x02A0	0x6A59      	CLRF        __Lib_CAN_C_A_RegsToCANID_rslt_L0+2 
0x02A2	0x6A5A      	CLRF        __Lib_CAN_C_A_RegsToCANID_rslt_L0+3 
;__Lib_CAN_C_A.c,464 :: 		
0x02A4	0xA656      	BTFSS       FARG___Lib_CAN_C_A_RegsToCANID_CAN_CONFIG_FLAGS, 3 
0x02A6	0xD049      	BRA         L___Lib_CAN_C_A_RegsToCANID19
;__Lib_CAN_C_A.c,467 :: 		
0x02A8	0xFFE9C054  	MOVFF       FARG___Lib_CAN_C_A_RegsToCANID_ptr, FSR0L
0x02AC	0xFFEAC055  	MOVFF       FARG___Lib_CAN_C_A_RegsToCANID_ptr+1, FSR0H
0x02B0	0xF002CFEE  	MOVFF       POSTINC0, R2
0x02B4	0x0E05      	MOVLW       5
0x02B6	0x6E00      	MOVWF       R0 
0x02B8	0xF057C002  	MOVFF       R2, __Lib_CAN_C_A_RegsToCANID_rslt_L0
0x02BC	0x0E00      	MOVLW       0
0x02BE	0x6E58      	MOVWF       __Lib_CAN_C_A_RegsToCANID_rslt_L0+1 
0x02C0	0x6E59      	MOVWF       __Lib_CAN_C_A_RegsToCANID_rslt_L0+2 
0x02C2	0x6E5A      	MOVWF       __Lib_CAN_C_A_RegsToCANID_rslt_L0+3 
0x02C4	0x5000      	MOVF        R0, 0 
L___Lib_CAN_C_A_RegsToCANID69:
0x02C6	0xE004      	BZ          L___Lib_CAN_C_A_RegsToCANID70
0x02C8	0x3257      	RRCF        __Lib_CAN_C_A_RegsToCANID_rslt_L0, 1 
0x02CA	0x9E57      	BCF         __Lib_CAN_C_A_RegsToCANID_rslt_L0, 7 
0x02CC	0x0FFF      	ADDLW       255
0x02CE	0xD7FB      	BRA         L___Lib_CAN_C_A_RegsToCANID69
L___Lib_CAN_C_A_RegsToCANID70:
0x02D0	0x6A59      	CLRF        __Lib_CAN_C_A_RegsToCANID_rslt_L0+2 
0x02D2	0x6A5A      	CLRF        __Lib_CAN_C_A_RegsToCANID_rslt_L0+3 
0x02D4	0xF058C057  	MOVFF       __Lib_CAN_C_A_RegsToCANID_rslt_L0, __Lib_CAN_C_A_RegsToCANID_rslt_L0+1
0x02D8	0x6A57      	CLRF        __Lib_CAN_C_A_RegsToCANID_rslt_L0 
0x02DA	0xF000C002  	MOVFF       R2, R0
0x02DE	0x3600      	RLCF        R0, 1 
0x02E0	0x9000      	BCF         R0, 0 
0x02E2	0x3600      	RLCF        R0, 1 
0x02E4	0x9000      	BCF         R0, 0 
0x02E6	0x3600      	RLCF        R0, 1 
0x02E8	0x9000      	BCF         R0, 0 
0x02EA	0x0E00      	MOVLW       0
0x02EC	0x6E59      	MOVWF       __Lib_CAN_C_A_RegsToCANID_rslt_L0+2 
0x02EE	0x6E5A      	MOVWF       __Lib_CAN_C_A_RegsToCANID_rslt_L0+3 
0x02F0	0x5000      	MOVF        R0, 0 
0x02F2	0x1257      	IORWF       __Lib_CAN_C_A_RegsToCANID_rslt_L0, 1 
0x02F4	0x0E00      	MOVLW       0
0x02F6	0x1258      	IORWF       __Lib_CAN_C_A_RegsToCANID_rslt_L0+1, 1 
0x02F8	0x0E00      	MOVLW       0
0x02FA	0xBE58      	BTFSC       __Lib_CAN_C_A_RegsToCANID_rslt_L0+1, 7 
0x02FC	0x0EFF      	MOVLW       255
0x02FE	0x6E59      	MOVWF       __Lib_CAN_C_A_RegsToCANID_rslt_L0+2 
0x0300	0x6E5A      	MOVWF       __Lib_CAN_C_A_RegsToCANID_rslt_L0+3 
0x0302	0x0E00      	MOVLW       0
0x0304	0x6E59      	MOVWF       __Lib_CAN_C_A_RegsToCANID_rslt_L0+2 
0x0306	0x6E5A      	MOVWF       __Lib_CAN_C_A_RegsToCANID_rslt_L0+3 
;__Lib_CAN_C_A.c,471 :: 		
0x0308	0x4A54      	INFSNZ      FARG___Lib_CAN_C_A_RegsToCANID_ptr, 1 
0x030A	0x2A55      	INCF        FARG___Lib_CAN_C_A_RegsToCANID_ptr+1, 1 
;__Lib_CAN_C_A.c,472 :: 		
0x030C	0xFFE9C054  	MOVFF       FARG___Lib_CAN_C_A_RegsToCANID_ptr, FSR0L
0x0310	0xFFEAC055  	MOVFF       FARG___Lib_CAN_C_A_RegsToCANID_ptr+1, FSR0H
0x0314	0xF002CFEE  	MOVFF       POSTINC0, R2
0x0318	0x0E05      	MOVLW       5
0x031A	0x6E01      	MOVWF       R1 
0x031C	0xF000C002  	MOVFF       R2, R0
0x0320	0x5001      	MOVF        R1, 0 
L___Lib_CAN_C_A_RegsToCANID71:
0x0322	0xE004      	BZ          L___Lib_CAN_C_A_RegsToCANID72
0x0324	0x3200      	RRCF        R0, 1 
0x0326	0x9E00      	BCF         R0, 7 
0x0328	0x0FFF      	ADDLW       255
0x032A	0xD7FB      	BRA         L___Lib_CAN_C_A_RegsToCANID71
L___Lib_CAN_C_A_RegsToCANID72:
0x032C	0x5000      	MOVF        R0, 0 
0x032E	0x1257      	IORWF       __Lib_CAN_C_A_RegsToCANID_rslt_L0, 1 
0x0330	0x0E00      	MOVLW       0
0x0332	0x1258      	IORWF       __Lib_CAN_C_A_RegsToCANID_rslt_L0+1, 1 
0x0334	0x1259      	IORWF       __Lib_CAN_C_A_RegsToCANID_rslt_L0+2, 1 
0x0336	0x125A      	IORWF       __Lib_CAN_C_A_RegsToCANID_rslt_L0+3, 1 
;__Lib_CAN_C_A.c,475 :: 		
0x0338	0xD072      	BRA         L___Lib_CAN_C_A_RegsToCANID20
L___Lib_CAN_C_A_RegsToCANID19:
;__Lib_CAN_C_A.c,479 :: 		
0x033A	0xFFE9C054  	MOVFF       FARG___Lib_CAN_C_A_RegsToCANID_ptr, FSR0L
0x033E	0xFFEAC055  	MOVFF       FARG___Lib_CAN_C_A_RegsToCANID_ptr+1, FSR0H
0x0342	0xF001CFEE  	MOVFF       POSTINC0, R1
0x0346	0x0E05      	MOVLW       5
0x0348	0x6E00      	MOVWF       R0 
0x034A	0xF004C001  	MOVFF       R1, R4
0x034E	0x5000      	MOVF        R0, 0 
L___Lib_CAN_C_A_RegsToCANID73:
0x0350	0xE004      	BZ          L___Lib_CAN_C_A_RegsToCANID74
0x0352	0x3604      	RLCF        R4, 1 
0x0354	0x9004      	BCF         R4, 0 
0x0356	0x0FFF      	ADDLW       255
0x0358	0xD7FB      	BRA         L___Lib_CAN_C_A_RegsToCANID73
L___Lib_CAN_C_A_RegsToCANID74:
;__Lib_CAN_C_A.c,480 :: 		
0x035A	0xFFE9C054  	MOVFF       FARG___Lib_CAN_C_A_RegsToCANID_ptr, FSR0L
0x035E	0xFFEAC055  	MOVFF       FARG___Lib_CAN_C_A_RegsToCANID_ptr+1, FSR0H
0x0362	0xF001CFEE  	MOVFF       POSTINC0, R1
0x0366	0x0E03      	MOVLW       3
0x0368	0x6E00      	MOVWF       R0 
0x036A	0xF057C001  	MOVFF       R1, __Lib_CAN_C_A_RegsToCANID_rslt_L0
0x036E	0x0E00      	MOVLW       0
0x0370	0x6E58      	MOVWF       __Lib_CAN_C_A_RegsToCANID_rslt_L0+1 
0x0372	0x6E59      	MOVWF       __Lib_CAN_C_A_RegsToCANID_rslt_L0+2 
0x0374	0x6E5A      	MOVWF       __Lib_CAN_C_A_RegsToCANID_rslt_L0+3 
0x0376	0x5000      	MOVF        R0, 0 
L___Lib_CAN_C_A_RegsToCANID75:
0x0378	0xE004      	BZ          L___Lib_CAN_C_A_RegsToCANID76
0x037A	0x3257      	RRCF        __Lib_CAN_C_A_RegsToCANID_rslt_L0, 1 
0x037C	0x9E57      	BCF         __Lib_CAN_C_A_RegsToCANID_rslt_L0, 7 
0x037E	0x0FFF      	ADDLW       255
0x0380	0xD7FB      	BRA         L___Lib_CAN_C_A_RegsToCANID75
L___Lib_CAN_C_A_RegsToCANID76:
0x0382	0x6A59      	CLRF        __Lib_CAN_C_A_RegsToCANID_rslt_L0+2 
0x0384	0x6A5A      	CLRF        __Lib_CAN_C_A_RegsToCANID_rslt_L0+3 
0x0386	0xF058C057  	MOVFF       __Lib_CAN_C_A_RegsToCANID_rslt_L0, __Lib_CAN_C_A_RegsToCANID_rslt_L0+1
0x038A	0x6A57      	CLRF        __Lib_CAN_C_A_RegsToCANID_rslt_L0 
0x038C	0x0E00      	MOVLW       0
0x038E	0x6E59      	MOVWF       __Lib_CAN_C_A_RegsToCANID_rslt_L0+2 
0x0390	0x6E5A      	MOVWF       __Lib_CAN_C_A_RegsToCANID_rslt_L0+3 
;__Lib_CAN_C_A.c,481 :: 		
0x0392	0x4A54      	INFSNZ      FARG___Lib_CAN_C_A_RegsToCANID_ptr, 1 
0x0394	0x2A55      	INCF        FARG___Lib_CAN_C_A_RegsToCANID_ptr+1, 1 
;__Lib_CAN_C_A.c,482 :: 		
0x0396	0xFFE9C054  	MOVFF       FARG___Lib_CAN_C_A_RegsToCANID_ptr, FSR0L
0x039A	0xFFEAC055  	MOVFF       FARG___Lib_CAN_C_A_RegsToCANID_ptr+1, FSR0H
0x039E	0xF000CFEE  	MOVFF       POSTINC0, R0
0x03A2	0x0E03      	MOVLW       3
0x03A4	0x1400      	ANDWF       R0, 0 
0x03A6	0x6E03      	MOVWF       R3 
0x03A8	0x0EE0      	MOVLW       224
0x03AA	0x1400      	ANDWF       R0, 0 
0x03AC	0x6E02      	MOVWF       R2 
0x03AE	0xF000C002  	MOVFF       R2, R0
0x03B2	0x3200      	RRCF        R0, 1 
0x03B4	0x9E00      	BCF         R0, 7 
0x03B6	0x3200      	RRCF        R0, 1 
0x03B8	0x9E00      	BCF         R0, 7 
0x03BA	0x3200      	RRCF        R0, 1 
0x03BC	0x9E00      	BCF         R0, 7 
0x03BE	0x5003      	MOVF        R3, 0 
0x03C0	0x1200      	IORWF       R0, 1 
0x03C2	0x5004      	MOVF        R4, 0 
0x03C4	0x1200      	IORWF       R0, 1 
;__Lib_CAN_C_A.c,491 :: 		
0x03C6	0x5000      	MOVF        R0, 0 
0x03C8	0x1257      	IORWF       __Lib_CAN_C_A_RegsToCANID_rslt_L0, 1 
0x03CA	0x0E00      	MOVLW       0
0x03CC	0x1258      	IORWF       __Lib_CAN_C_A_RegsToCANID_rslt_L0+1, 1 
0x03CE	0x1259      	IORWF       __Lib_CAN_C_A_RegsToCANID_rslt_L0+2, 1 
0x03D0	0x125A      	IORWF       __Lib_CAN_C_A_RegsToCANID_rslt_L0+3, 1 
;__Lib_CAN_C_A.c,494 :: 		
0x03D2	0xF05AC059  	MOVFF       __Lib_CAN_C_A_RegsToCANID_rslt_L0+2, __Lib_CAN_C_A_RegsToCANID_rslt_L0+3
0x03D6	0xF059C058  	MOVFF       __Lib_CAN_C_A_RegsToCANID_rslt_L0+1, __Lib_CAN_C_A_RegsToCANID_rslt_L0+2
0x03DA	0xF058C057  	MOVFF       __Lib_CAN_C_A_RegsToCANID_rslt_L0, __Lib_CAN_C_A_RegsToCANID_rslt_L0+1
0x03DE	0x6A57      	CLRF        __Lib_CAN_C_A_RegsToCANID_rslt_L0 
;__Lib_CAN_C_A.c,495 :: 		
0x03E0	0x4A54      	INFSNZ      FARG___Lib_CAN_C_A_RegsToCANID_ptr, 1 
0x03E2	0x2A55      	INCF        FARG___Lib_CAN_C_A_RegsToCANID_ptr+1, 1 
;__Lib_CAN_C_A.c,496 :: 		
0x03E4	0xFFD9C054  	MOVFF       FARG___Lib_CAN_C_A_RegsToCANID_ptr, FSR2L
0x03E8	0xFFDAC055  	MOVFF       FARG___Lib_CAN_C_A_RegsToCANID_ptr+1, FSR2H
0x03EC	0x50DE      	MOVF        POSTINC2, 0 
0x03EE	0x1257      	IORWF       __Lib_CAN_C_A_RegsToCANID_rslt_L0, 1 
0x03F0	0x0E00      	MOVLW       0
0x03F2	0x1258      	IORWF       __Lib_CAN_C_A_RegsToCANID_rslt_L0+1, 1 
0x03F4	0x1259      	IORWF       __Lib_CAN_C_A_RegsToCANID_rslt_L0+2, 1 
0x03F6	0x125A      	IORWF       __Lib_CAN_C_A_RegsToCANID_rslt_L0+3, 1 
;__Lib_CAN_C_A.c,499 :: 		
0x03F8	0xF05AC059  	MOVFF       __Lib_CAN_C_A_RegsToCANID_rslt_L0+2, __Lib_CAN_C_A_RegsToCANID_rslt_L0+3
0x03FC	0xF059C058  	MOVFF       __Lib_CAN_C_A_RegsToCANID_rslt_L0+1, __Lib_CAN_C_A_RegsToCANID_rslt_L0+2
0x0400	0xF058C057  	MOVFF       __Lib_CAN_C_A_RegsToCANID_rslt_L0, __Lib_CAN_C_A_RegsToCANID_rslt_L0+1
0x0404	0x6A57      	CLRF        __Lib_CAN_C_A_RegsToCANID_rslt_L0 
;__Lib_CAN_C_A.c,500 :: 		
0x0406	0x4A54      	INFSNZ      FARG___Lib_CAN_C_A_RegsToCANID_ptr, 1 
0x0408	0x2A55      	INCF        FARG___Lib_CAN_C_A_RegsToCANID_ptr+1, 1 
;__Lib_CAN_C_A.c,502 :: 		
0x040A	0xFFD9C054  	MOVFF       FARG___Lib_CAN_C_A_RegsToCANID_ptr, FSR2L
0x040E	0xFFDAC055  	MOVFF       FARG___Lib_CAN_C_A_RegsToCANID_ptr+1, FSR2H
0x0412	0x50DE      	MOVF        POSTINC2, 0 
0x0414	0x1257      	IORWF       __Lib_CAN_C_A_RegsToCANID_rslt_L0, 1 
0x0416	0x0E00      	MOVLW       0
0x0418	0x1258      	IORWF       __Lib_CAN_C_A_RegsToCANID_rslt_L0+1, 1 
0x041A	0x1259      	IORWF       __Lib_CAN_C_A_RegsToCANID_rslt_L0+2, 1 
0x041C	0x125A      	IORWF       __Lib_CAN_C_A_RegsToCANID_rslt_L0+3, 1 
;__Lib_CAN_C_A.c,503 :: 		
L___Lib_CAN_C_A_RegsToCANID20:
;__Lib_CAN_C_A.c,504 :: 		
0x041E	0xF000C057  	MOVFF       __Lib_CAN_C_A_RegsToCANID_rslt_L0, R0
0x0422	0xF001C058  	MOVFF       __Lib_CAN_C_A_RegsToCANID_rslt_L0+1, R1
0x0426	0xF002C059  	MOVFF       __Lib_CAN_C_A_RegsToCANID_rslt_L0+2, R2
0x042A	0xF003C05A  	MOVFF       __Lib_CAN_C_A_RegsToCANID_rslt_L0+3, R3
;__Lib_CAN_C_A.c,505 :: 		
L_end_RegsToCANID:
0x042E	0x0012      	RETURN      0
; end of __Lib_CAN_C_A_RegsToCANID
_UART1_Write:
;__Lib_UART_c67.c,58 :: 		
;__Lib_UART_c67.c,59 :: 		
L_UART1_Write3:
0x0430	0xB2AC      	BTFSC       TXSTA, 1 
0x0432	0xD002      	BRA         L_UART1_Write4
;__Lib_UART_c67.c,60 :: 		
0x0434	0x0000      	NOP
0x0436	0xD7FC      	BRA         L_UART1_Write3
L_UART1_Write4:
;__Lib_UART_c67.c,61 :: 		
0x0438	0xFFADC054  	MOVFF       FARG_UART1_Write_data_, TXREG
;__Lib_UART_c67.c,62 :: 		
L_end_UART1_Write:
0x043C	0x0012      	RETURN      0
; end of _UART1_Write
_CANSetMask:
;__Lib_CAN_C_A.c,379 :: 		
;__Lib_CAN_C_A.c,381 :: 		
0x043E	0x5054      	MOVF        FARG_CANSetMask_CAN_MASK, 0 
0x0440	0x0A00      	XORLW       0
0x0442	0xE111      	BNZ         L_CANSetMask9
;__Lib_CAN_C_A.c,382 :: 		
0x0444	0x0E18      	MOVLW       RXM0SIDH
0x0446	0x0100      	MOVLB       0
0x0448	0x6F61      	MOVWF       FARG___Lib_CAN_C_A_CANIDToRegs_ptr, 1
0x044A	0x0E0F      	MOVLW       hi_addr(RXM0SIDH)
0x044C	0x6F62      	MOVWF       FARG___Lib_CAN_C_A_CANIDToRegs_ptr+1, 1
0x044E	0xF063C055  	MOVFF       FARG_CANSetMask_val, FARG___Lib_CAN_C_A_CANIDToRegs_val
0x0452	0xF064C056  	MOVFF       FARG_CANSetMask_val+1, FARG___Lib_CAN_C_A_CANIDToRegs_val+1
0x0456	0xF065C057  	MOVFF       FARG_CANSetMask_val+2, FARG___Lib_CAN_C_A_CANIDToRegs_val+2
0x045A	0xF066C058  	MOVFF       FARG_CANSetMask_val+3, FARG___Lib_CAN_C_A_CANIDToRegs_val+3
0x045E	0xF067C059  	MOVFF       FARG_CANSetMask_CAN_CONFIG_FLAGS, FARG___Lib_CAN_C_A_CANIDToRegs_CAN_CONFIG_FLAGS
0x0462	0xDDDC      	RCALL       __Lib_CAN_C_A_CANIDToRegs
0x0464	0xD010      	BRA         L_CANSetMask10
L_CANSetMask9:
0x0466	0x0100      	MOVLB       0
;__Lib_CAN_C_A.c,385 :: 		
0x0468	0x0E1C      	MOVLW       RXM1SIDH
0x046A	0x6F61      	MOVWF       FARG___Lib_CAN_C_A_CANIDToRegs_ptr, 1
0x046C	0x0E0F      	MOVLW       hi_addr(RXM1SIDH)
0x046E	0x6F62      	MOVWF       FARG___Lib_CAN_C_A_CANIDToRegs_ptr+1, 1
0x0470	0xF063C055  	MOVFF       FARG_CANSetMask_val, FARG___Lib_CAN_C_A_CANIDToRegs_val
0x0474	0xF064C056  	MOVFF       FARG_CANSetMask_val+1, FARG___Lib_CAN_C_A_CANIDToRegs_val+1
0x0478	0xF065C057  	MOVFF       FARG_CANSetMask_val+2, FARG___Lib_CAN_C_A_CANIDToRegs_val+2
0x047C	0xF066C058  	MOVFF       FARG_CANSetMask_val+3, FARG___Lib_CAN_C_A_CANIDToRegs_val+3
0x0480	0xF067C059  	MOVFF       FARG_CANSetMask_CAN_CONFIG_FLAGS, FARG___Lib_CAN_C_A_CANIDToRegs_CAN_CONFIG_FLAGS
0x0484	0xDDCB      	RCALL       __Lib_CAN_C_A_CANIDToRegs
L_CANSetMask10:
;__Lib_CAN_C_A.c,387 :: 		
L_end_CANSetMask:
0x0486	0x0012      	RETURN      0
; end of _CANSetMask
_CANInitialize:
;__Lib_CAN_C_A.c,769 :: 		
;__Lib_CAN_C_A.c,774 :: 		
0x0488	0x9493      	BCF         TRISB, 2 
;__Lib_CAN_C_A.c,775 :: 		
0x048A	0x8693      	BSF         TRISB, 3 
;__Lib_CAN_C_A.c,776 :: 		
0x048C	0x0E80      	MOVLW       128
0x048E	0x6E54      	MOVWF       FARG_CANSetOperationMode_mode 
0x0490	0x0EFF      	MOVLW       255
0x0492	0x6E55      	MOVWF       FARG_CANSetOperationMode_WAIT 
0x0494	0xDE3D      	RCALL       _CANSetOperationMode
;__Lib_CAN_C_A.c,779 :: 		
0x0496	0xF054C047  	MOVFF       FARG_CANInitialize_SJW, FARG_CANSetBaudRate_SJW
;__Lib_CAN_C_A.c,780 :: 		
0x049A	0xF055C048  	MOVFF       FARG_CANInitialize_BRP, FARG_CANSetBaudRate_BRP
;__Lib_CAN_C_A.c,781 :: 		
0x049E	0xF056C049  	MOVFF       FARG_CANInitialize_PHSEG1, FARG_CANSetBaudRate_PHSEG1
;__Lib_CAN_C_A.c,782 :: 		
0x04A2	0xF057C04A  	MOVFF       FARG_CANInitialize_PHSEG2, FARG_CANSetBaudRate_PHSEG2
;__Lib_CAN_C_A.c,783 :: 		
0x04A6	0xF058C04B  	MOVFF       FARG_CANInitialize_PROPSEG, FARG_CANSetBaudRate_PROPSEG
;__Lib_CAN_C_A.c,784 :: 		
0x04AA	0xF059C04C  	MOVFF       FARG_CANInitialize_CAN_CONFIG_FLAGS, FARG_CANSetBaudRate_CAN_CONFIG_FLAGS
0x04AE	0xDED2      	RCALL       _CANSetBaudRate
;__Lib_CAN_C_A.c,786 :: 		
0x04B0	0x0E60      	MOVLW       96
0x04B2	0x144C      	ANDWF       FARG_CANInitialize_CAN_CONFIG_FLAGS, 0 
0x04B4	0x6E60      	MOVWF       RXB0CON 
;__Lib_CAN_C_A.c,787 :: 		
0x04B6	0x0E10      	MOVLW       16
0x04B8	0x144C      	ANDWF       FARG_CANInitialize_CAN_CONFIG_FLAGS, 0 
0x04BA	0x6E01      	MOVWF       R1 
;__Lib_CAN_C_A.c,788 :: 		
0x04BC	0x5001      	MOVF        R1, 0 
0x04BE	0x0A10      	XORLW       16
0x04C0	0xB4D8      	BTFSC       STATUS, 2 
;__Lib_CAN_C_A.c,789 :: 		
0x04C2	0x8460      	BSF         RXB0CON, 2 
L_CANInitialize48:
;__Lib_CAN_C_A.c,791 :: 		
0x04C4	0xFF50CF60  	MOVFF       RXB0CON, RXB1CON
;__Lib_CAN_C_A.c,793 :: 		
0x04C8	0x6A54      	CLRF        FARG_CANSetMask_CAN_MASK 
0x04CA	0x6A55      	CLRF        FARG_CANSetMask_val 
0x04CC	0x6A56      	CLRF        FARG_CANSetMask_val+1 
0x04CE	0x6A57      	CLRF        FARG_CANSetMask_val+2 
0x04D0	0x6A58      	CLRF        FARG_CANSetMask_val+3 
0x04D2	0x0EF7      	MOVLW       247
0x04D4	0x6E59      	MOVWF       FARG_CANSetMask_CAN_CONFIG_FLAGS 
0x04D6	0xDFB3      	RCALL       _CANSetMask
;__Lib_CAN_C_A.c,794 :: 		
0x04D8	0x0E01      	MOVLW       1
0x04DA	0x6E54      	MOVWF       FARG_CANSetMask_CAN_MASK 
0x04DC	0x6A55      	CLRF        FARG_CANSetMask_val 
0x04DE	0x6A56      	CLRF        FARG_CANSetMask_val+1 
0x04E0	0x6A57      	CLRF        FARG_CANSetMask_val+2 
0x04E2	0x6A58      	CLRF        FARG_CANSetMask_val+3 
0x04E4	0x0EF7      	MOVLW       247
0x04E6	0x6E59      	MOVWF       FARG_CANSetMask_CAN_CONFIG_FLAGS 
0x04E8	0xDFAA      	RCALL       _CANSetMask
;__Lib_CAN_C_A.c,796 :: 		
0x04EA	0x0E60      	MOVLW       96
0x04EC	0x144C      	ANDWF       FARG_CANInitialize_CAN_CONFIG_FLAGS, 0 
0x04EE	0x6E00      	MOVWF       R0 
0x04F0	0x0E9F      	MOVLW       159
0x04F2	0x1000      	IORWF       R0, 0 
0x04F4	0x6E01      	MOVWF       R1 
0x04F6	0xD00F      	BRA         L_CANInitialize49
;__Lib_CAN_C_A.c,798 :: 		
L_CANInitialize51:
;__Lib_CAN_C_A.c,799 :: 		
0x04F8	0x0EF7      	MOVLW       247
0x04FA	0x6E4D      	MOVWF       CANInitialize_FilterConfig1_L0 
;__Lib_CAN_C_A.c,800 :: 		
0x04FC	0x0EF7      	MOVLW       247
0x04FE	0x6E4E      	MOVWF       CANInitialize_FilterConfig2_L0 
;__Lib_CAN_C_A.c,801 :: 		
0x0500	0xD011      	BRA         L_CANInitialize50
;__Lib_CAN_C_A.c,802 :: 		
L_CANInitialize52:
;__Lib_CAN_C_A.c,803 :: 		
0x0502	0x0EFF      	MOVLW       255
0x0504	0x6E4D      	MOVWF       CANInitialize_FilterConfig1_L0 
;__Lib_CAN_C_A.c,804 :: 		
0x0506	0x0EFF      	MOVLW       255
0x0508	0x6E4E      	MOVWF       CANInitialize_FilterConfig2_L0 
;__Lib_CAN_C_A.c,805 :: 		
0x050A	0xD00C      	BRA         L_CANInitialize50
;__Lib_CAN_C_A.c,806 :: 		
L_CANInitialize53:
;__Lib_CAN_C_A.c,807 :: 		
0x050C	0x0EFF      	MOVLW       255
0x050E	0x6E4D      	MOVWF       CANInitialize_FilterConfig1_L0 
;__Lib_CAN_C_A.c,808 :: 		
0x0510	0x0EF7      	MOVLW       247
0x0512	0x6E4E      	MOVWF       CANInitialize_FilterConfig2_L0 
;__Lib_CAN_C_A.c,809 :: 		
0x0514	0xD007      	BRA         L_CANInitialize50
L_CANInitialize49:
0x0516	0x5001      	MOVF        R1, 0 
0x0518	0x0ADF      	XORLW       223
0x051A	0xE0EE      	BZ          L_CANInitialize51
0x051C	0x5001      	MOVF        R1, 0 
0x051E	0x0ABF      	XORLW       191
0x0520	0xE0F0      	BZ          L_CANInitialize52
0x0522	0xD7F4      	BRA         L_CANInitialize53
L_CANInitialize50:
;__Lib_CAN_C_A.c,812 :: 		
0x0524	0x6A54      	CLRF        FARG_CANSetFilter_CAN_FILTER 
0x0526	0x6A55      	CLRF        FARG_CANSetFilter_val 
0x0528	0x6A56      	CLRF        FARG_CANSetFilter_val+1 
0x052A	0x6A57      	CLRF        FARG_CANSetFilter_val+2 
0x052C	0x6A58      	CLRF        FARG_CANSetFilter_val+3 
0x052E	0xF059C04D  	MOVFF       CANInitialize_FilterConfig1_L0, FARG_CANSetFilter_CAN_CONFIG_FLAGS
0x0532	0xDE18      	RCALL       _CANSetFilter
;__Lib_CAN_C_A.c,813 :: 		
0x0534	0x0E01      	MOVLW       1
0x0536	0x6E54      	MOVWF       FARG_CANSetFilter_CAN_FILTER 
0x0538	0x6A55      	CLRF        FARG_CANSetFilter_val 
0x053A	0x6A56      	CLRF        FARG_CANSetFilter_val+1 
0x053C	0x6A57      	CLRF        FARG_CANSetFilter_val+2 
0x053E	0x6A58      	CLRF        FARG_CANSetFilter_val+3 
0x0540	0xF059C04D  	MOVFF       CANInitialize_FilterConfig1_L0, FARG_CANSetFilter_CAN_CONFIG_FLAGS
0x0544	0xDE0F      	RCALL       _CANSetFilter
;__Lib_CAN_C_A.c,814 :: 		
0x0546	0x0E02      	MOVLW       2
0x0548	0x6E54      	MOVWF       FARG_CANSetFilter_CAN_FILTER 
0x054A	0x6A55      	CLRF        FARG_CANSetFilter_val 
0x054C	0x6A56      	CLRF        FARG_CANSetFilter_val+1 
0x054E	0x6A57      	CLRF        FARG_CANSetFilter_val+2 
0x0550	0x6A58      	CLRF        FARG_CANSetFilter_val+3 
0x0552	0xF059C04E  	MOVFF       CANInitialize_FilterConfig2_L0, FARG_CANSetFilter_CAN_CONFIG_FLAGS
0x0556	0xDE06      	RCALL       _CANSetFilter
;__Lib_CAN_C_A.c,815 :: 		
0x0558	0x0E03      	MOVLW       3
0x055A	0x6E54      	MOVWF       FARG_CANSetFilter_CAN_FILTER 
0x055C	0x6A55      	CLRF        FARG_CANSetFilter_val 
0x055E	0x6A56      	CLRF        FARG_CANSetFilter_val+1 
0x0560	0x6A57      	CLRF        FARG_CANSetFilter_val+2 
0x0562	0x6A58      	CLRF        FARG_CANSetFilter_val+3 
0x0564	0xF059C04E  	MOVFF       CANInitialize_FilterConfig2_L0, FARG_CANSetFilter_CAN_CONFIG_FLAGS
0x0568	0xDDFD      	RCALL       _CANSetFilter
;__Lib_CAN_C_A.c,816 :: 		
0x056A	0x0E04      	MOVLW       4
0x056C	0x6E54      	MOVWF       FARG_CANSetFilter_CAN_FILTER 
0x056E	0x6A55      	CLRF        FARG_CANSetFilter_val 
0x0570	0x6A56      	CLRF        FARG_CANSetFilter_val+1 
0x0572	0x6A57      	CLRF        FARG_CANSetFilter_val+2 
0x0574	0x6A58      	CLRF        FARG_CANSetFilter_val+3 
0x0576	0xF059C04E  	MOVFF       CANInitialize_FilterConfig2_L0, FARG_CANSetFilter_CAN_CONFIG_FLAGS
0x057A	0xDDF4      	RCALL       _CANSetFilter
;__Lib_CAN_C_A.c,817 :: 		
0x057C	0x0E05      	MOVLW       5
0x057E	0x6E54      	MOVWF       FARG_CANSetFilter_CAN_FILTER 
0x0580	0x6A55      	CLRF        FARG_CANSetFilter_val 
0x0582	0x6A56      	CLRF        FARG_CANSetFilter_val+1 
0x0584	0x6A57      	CLRF        FARG_CANSetFilter_val+2 
0x0586	0x6A58      	CLRF        FARG_CANSetFilter_val+3 
0x0588	0xF059C04E  	MOVFF       CANInitialize_FilterConfig2_L0, FARG_CANSetFilter_CAN_CONFIG_FLAGS
0x058C	0xDDEB      	RCALL       _CANSetFilter
;__Lib_CAN_C_A.c,820 :: 		
0x058E	0x6A54      	CLRF        FARG_CANSetOperationMode_mode 
0x0590	0x0EFF      	MOVLW       255
0x0592	0x6E55      	MOVWF       FARG_CANSetOperationMode_WAIT 
0x0594	0xDDBD      	RCALL       _CANSetOperationMode
;__Lib_CAN_C_A.c,821 :: 		
L_end_CANInitialize:
0x0596	0x0012      	RETURN      0
; end of _CANInitialize
___CC2DW:
;__Lib_System.c,21 :: 		
;__Lib_System.c,23 :: 		
_CC2DL_Loop1:
;__Lib_System.c,24 :: 		
0x0598	0x0009      	TBLRD*+
;__Lib_System.c,25 :: 		
0x059A	0xFFE6CFF5  	MOVFF       TABLAT, POSTINC1
;__Lib_System.c,26 :: 		
0x059E	0x0600      	DECF        R0, 1, 0
;__Lib_System.c,27 :: 		
0x05A0	0xE1FB      	BNZ         _CC2DL_Loop1
;__Lib_System.c,28 :: 		
0x05A2	0x0601      	DECF        R1, 1, 0
;__Lib_System.c,29 :: 		
0x05A4	0xE1F9      	BNZ         _CC2DL_Loop1
;__Lib_System.c,31 :: 		
L_end___CC2DW:
0x05A6	0x0012      	RETURN      0
; end of ___CC2DW
_UART1_Init:
;__Lib_UART_c67.c,15 :: 		
;__Lib_UART_c67.c,18 :: 		
0x05A8	0x0E30      	MOVLW       _UART1_Write
0x05AA	0x6E43      	MOVWF       _UART_Wr_Ptr 
0x05AC	0x0E04      	MOVLW       hi_addr(_UART1_Write)
0x05AE	0x6E44      	MOVWF       _UART_Wr_Ptr+1 
0x05B0	0x0E54      	MOVLW       FARG_UART1_Write_data_
0x05B2	0x6E45      	MOVWF       _UART_Wr_Ptr+2 
0x05B4	0x0E00      	MOVLW       hi_addr(FARG_UART1_Write_data_)
0x05B6	0x6E46      	MOVWF       _UART_Wr_Ptr+3 
;__Lib_UART_c67.c,19 :: 		
0x05B8	0x0EFF      	MOVLW       _UART1_Read
0x05BA	0x6E2C      	MOVWF       _UART_Rd_Ptr 
0x05BC	0x0EFF      	MOVLW       hi_addr(_UART1_Read)
0x05BE	0x6E2D      	MOVWF       _UART_Rd_Ptr+1 
0x05C0	0x0E00      	MOVLW       0
0x05C2	0x6E2E      	MOVWF       _UART_Rd_Ptr+2 
0x05C4	0x0E00      	MOVLW       0
0x05C6	0x6E2F      	MOVWF       _UART_Rd_Ptr+3 
;__Lib_UART_c67.c,20 :: 		
0x05C8	0x0EFF      	MOVLW       _UART1_Data_Ready
0x05CA	0x6E30      	MOVWF       _UART_Rdy_Ptr 
0x05CC	0x0EFF      	MOVLW       hi_addr(_UART1_Data_Ready)
0x05CE	0x6E31      	MOVWF       _UART_Rdy_Ptr+1 
0x05D0	0x0E00      	MOVLW       0
0x05D2	0x6E32      	MOVWF       _UART_Rdy_Ptr+2 
0x05D4	0x0E00      	MOVLW       0
0x05D6	0x6E33      	MOVWF       _UART_Rdy_Ptr+3 
;__Lib_UART_c67.c,21 :: 		
0x05D8	0x0EFF      	MOVLW       _UART1_Tx_Idle
0x05DA	0x6E34      	MOVWF       _UART_Tx_Idle_Ptr 
0x05DC	0x0EFF      	MOVLW       hi_addr(_UART1_Tx_Idle)
0x05DE	0x6E35      	MOVWF       _UART_Tx_Idle_Ptr+1 
0x05E0	0x0E00      	MOVLW       0
0x05E2	0x6E36      	MOVWF       _UART_Tx_Idle_Ptr+2 
0x05E4	0x0E00      	MOVLW       0
0x05E6	0x6E37      	MOVWF       _UART_Tx_Idle_Ptr+3 
;__Lib_UART_c67.c,23 :: 		
0x05E8	0x8AAC      	BSF         TXSTA, 5 
;__Lib_UART_c67.c,24 :: 		
0x05EA	0x0E90      	MOVLW       144
0x05EC	0x6EAB      	MOVWF       RCSTA 
;__Lib_UART_c67.c,25 :: 		
0x05EE	0x8E94      	BSF         TRISC7_bit, BitPos(TRISC7_bit+0) 
;__Lib_UART_c67.c,26 :: 		
0x05F0	0x9C94      	BCF         TRISC6_bit, BitPos(TRISC6_bit+0) 
;__Lib_UART_c67.c,28 :: 		
L_UART1_Init0:
0x05F2	0xAA9E      	BTFSS       PIR1, 5 
0x05F4	0xD003      	BRA         L_UART1_Init1
;__Lib_UART_c67.c,29 :: 		
0x05F6	0xF000CFAE  	MOVFF       RCREG, R0
0x05FA	0xD7FB      	BRA         L_UART1_Init0
L_UART1_Init1:
;__Lib_UART_c67.c,30 :: 		
L_end_UART1_Init:
0x05FC	0x0012      	RETURN      0
; end of _UART1_Init
_UART1_Write_Text:
;__Lib_UART_c67.c,66 :: 		
;__Lib_UART_c67.c,67 :: 		
0x05FE	0x6A4A      	CLRF        UART1_Write_Text_counter_L0 
;__Lib_UART_c67.c,69 :: 		
0x0600	0xFFE9C047  	MOVFF       FARG_UART1_Write_Text_uart_text, FSR0L
0x0604	0xFFEAC048  	MOVFF       FARG_UART1_Write_Text_uart_text+1, FSR0H
0x0608	0xF049CFEE  	MOVFF       POSTINC0, UART1_Write_Text_data__L0
;__Lib_UART_c67.c,70 :: 		
L_UART1_Write_Text5:
0x060C	0x5049      	MOVF        UART1_Write_Text_data__L0, 0 
0x060E	0x0A00      	XORLW       0
0x0610	0xE00D      	BZ          L_UART1_Write_Text6
;__Lib_UART_c67.c,71 :: 		
0x0612	0xF054C049  	MOVFF       UART1_Write_Text_data__L0, FARG_UART1_Write_data_
0x0616	0xDF0C      	RCALL       _UART1_Write
;__Lib_UART_c67.c,72 :: 		
0x0618	0x2A4A      	INCF        UART1_Write_Text_counter_L0, 1 
;__Lib_UART_c67.c,73 :: 		
0x061A	0x504A      	MOVF        UART1_Write_Text_counter_L0, 0 
0x061C	0x2447      	ADDWF       FARG_UART1_Write_Text_uart_text, 0 
0x061E	0x6EE9      	MOVWF       FSR0L 
0x0620	0x0E00      	MOVLW       0
0x0622	0x2048      	ADDWFC      FARG_UART1_Write_Text_uart_text+1, 0 
0x0624	0x6EEA      	MOVWF       FSR0H 
0x0626	0xF049CFEE  	MOVFF       POSTINC0, UART1_Write_Text_data__L0
;__Lib_UART_c67.c,74 :: 		
0x062A	0xD7F0      	BRA         L_UART1_Write_Text5
L_UART1_Write_Text6:
;__Lib_UART_c67.c,75 :: 		
L_end_UART1_Write_Text:
0x062C	0x0012      	RETURN      0
; end of _UART1_Write_Text
_CANRead:
;__Lib_CAN_C_A.c,638 :: 		
;__Lib_CAN_C_A.c,643 :: 		
0x062E	0xFFE1C04D  	MOVFF       FARG_CANRead_CAN_RX_MSG_FLAGS, FSR1L
0x0632	0xFFE2C04E  	MOVFF       FARG_CANRead_CAN_RX_MSG_FLAGS+1, FSR1H
0x0636	0x6AE6      	CLRF        POSTINC1 
;__Lib_CAN_C_A.c,645 :: 		
0x0638	0xAE60      	BTFSS       RXB0CON, 7 
0x063A	0xD02B      	BRA         L_CANRead32
;__Lib_CAN_C_A.c,647 :: 		
0x063C	0x0EF1      	MOVLW       241
0x063E	0x166F      	ANDWF       CANCON, 1 
;__Lib_CAN_C_A.c,648 :: 		
0x0640	0x0EFF      	MOVLW       255
0x0642	0x6E50      	MOVWF       CANRead_lbIsItBuffer0_L0 
;__Lib_CAN_C_A.c,650 :: 		
0x0644	0x90A4      	BCF         PIR3, 0 
;__Lib_CAN_C_A.c,652 :: 		
0x0646	0xAE74      	BTFSS       COMSTAT, 7 
0x0648	0xD00A      	BRA         L_CANRead33
;__Lib_CAN_C_A.c,653 :: 		
0x064A	0xFFE9C04D  	MOVFF       FARG_CANRead_CAN_RX_MSG_FLAGS, FSR0L
0x064E	0xFFEAC04E  	MOVFF       FARG_CANRead_CAN_RX_MSG_FLAGS+1, FSR0H
0x0652	0xFFE1C04D  	MOVFF       FARG_CANRead_CAN_RX_MSG_FLAGS, FSR1L
0x0656	0xFFE2C04E  	MOVFF       FARG_CANRead_CAN_RX_MSG_FLAGS+1, FSR1H
0x065A	0x86E6      	BSF         POSTINC1, 3 
;__Lib_CAN_C_A.c,654 :: 		
0x065C	0x9E74      	BCF         COMSTAT, 7 
;__Lib_CAN_C_A.c,655 :: 		
L_CANRead33:
;__Lib_CAN_C_A.c,656 :: 		
0x065E	0xA460      	BTFSS       RXB0CON, 2 
0x0660	0xD017      	BRA         L_CANRead34
;__Lib_CAN_C_A.c,657 :: 		
0x0662	0x0E07      	MOVLW       7
0x0664	0x1460      	ANDWF       RXB0CON, 0 
0x0666	0x6E00      	MOVWF       R0 
0x0668	0xFFE9C04D  	MOVFF       FARG_CANRead_CAN_RX_MSG_FLAGS, FSR0L
0x066C	0xFFEAC04E  	MOVFF       FARG_CANRead_CAN_RX_MSG_FLAGS+1, FSR0H
0x0670	0xFFE1C04D  	MOVFF       FARG_CANRead_CAN_RX_MSG_FLAGS, FSR1L
0x0674	0xFFE2C04E  	MOVFF       FARG_CANRead_CAN_RX_MSG_FLAGS+1, FSR1H
0x0678	0x5000      	MOVF        R0, 0 
0x067A	0x12EE      	IORWF       POSTINC0, 1 
;__Lib_CAN_C_A.c,658 :: 		
0x067C	0xFFE9C04D  	MOVFF       FARG_CANRead_CAN_RX_MSG_FLAGS, FSR0L
0x0680	0xFFEAC04E  	MOVFF       FARG_CANRead_CAN_RX_MSG_FLAGS+1, FSR0H
0x0684	0xFFE1C04D  	MOVFF       FARG_CANRead_CAN_RX_MSG_FLAGS, FSR1L
0x0688	0xFFE2C04E  	MOVFF       FARG_CANRead_CAN_RX_MSG_FLAGS+1, FSR1H
0x068C	0x0E01      	MOVLW       1
0x068E	0x16EE      	ANDWF       POSTINC0, 1 
;__Lib_CAN_C_A.c,659 :: 		
L_CANRead34:
;__Lib_CAN_C_A.c,660 :: 		
0x0690	0xD035      	BRA         L_CANRead35
L_CANRead32:
;__Lib_CAN_C_A.c,662 :: 		
0x0692	0x010F      	MOVLB       15
0x0694	0xAF50      	BTFSS       RXB1CON, 7, 1
0x0696	0xD030      	BRA         L_CANRead36
;__Lib_CAN_C_A.c,664 :: 		
0x0698	0x0EF1      	MOVLW       241
0x069A	0x166F      	ANDWF       CANCON, 1 
;__Lib_CAN_C_A.c,665 :: 		
0x069C	0x0E0A      	MOVLW       10
0x069E	0x126F      	IORWF       CANCON, 1 
;__Lib_CAN_C_A.c,666 :: 		
0x06A0	0x6A50      	CLRF        CANRead_lbIsItBuffer0_L0 
;__Lib_CAN_C_A.c,668 :: 		
0x06A2	0x92A4      	BCF         PIR3, 1 
;__Lib_CAN_C_A.c,670 :: 		
0x06A4	0xAC74      	BTFSS       COMSTAT, 6 
0x06A6	0xD00A      	BRA         L_CANRead37
;__Lib_CAN_C_A.c,671 :: 		
0x06A8	0xFFE9C04D  	MOVFF       FARG_CANRead_CAN_RX_MSG_FLAGS, FSR0L
0x06AC	0xFFEAC04E  	MOVFF       FARG_CANRead_CAN_RX_MSG_FLAGS+1, FSR0H
0x06B0	0xFFE1C04D  	MOVFF       FARG_CANRead_CAN_RX_MSG_FLAGS, FSR1L
0x06B4	0xFFE2C04E  	MOVFF       FARG_CANRead_CAN_RX_MSG_FLAGS+1, FSR1H
0x06B8	0x86E6      	BSF         POSTINC1, 3 
;__Lib_CAN_C_A.c,672 :: 		
0x06BA	0x9C74      	BCF         COMSTAT, 6 
;__Lib_CAN_C_A.c,673 :: 		
L_CANRead37:
;__Lib_CAN_C_A.c,675 :: 		
0x06BC	0x0E07      	MOVLW       7
0x06BE	0x1550      	ANDWF       RXB1CON, 0, 1
0x06C0	0x6E00      	MOVWF       R0 
0x06C2	0xFFE9C04D  	MOVFF       FARG_CANRead_CAN_RX_MSG_FLAGS, FSR0L
0x06C6	0xFFEAC04E  	MOVFF       FARG_CANRead_CAN_RX_MSG_FLAGS+1, FSR0H
0x06CA	0xFFE1C04D  	MOVFF       FARG_CANRead_CAN_RX_MSG_FLAGS, FSR1L
0x06CE	0xFFE2C04E  	MOVFF       FARG_CANRead_CAN_RX_MSG_FLAGS+1, FSR1H
0x06D2	0x5000      	MOVF        R0, 0 
0x06D4	0x12EE      	IORWF       POSTINC0, 1 
;__Lib_CAN_C_A.c,676 :: 		
0x06D6	0xFFE9C04D  	MOVFF       FARG_CANRead_CAN_RX_MSG_FLAGS, FSR0L
0x06DA	0xFFEAC04E  	MOVFF       FARG_CANRead_CAN_RX_MSG_FLAGS+1, FSR0H
0x06DE	0x0E02      	MOVLW       2
0x06E0	0x5CEE      	SUBWF       POSTINC0, 0 
0x06E2	0xE209      	BC          L_CANRead38
;__Lib_CAN_C_A.c,677 :: 		
0x06E4	0xFFE9C04D  	MOVFF       FARG_CANRead_CAN_RX_MSG_FLAGS, FSR0L
0x06E8	0xFFEAC04E  	MOVFF       FARG_CANRead_CAN_RX_MSG_FLAGS+1, FSR0H
0x06EC	0xFFE1C04D  	MOVFF       FARG_CANRead_CAN_RX_MSG_FLAGS, FSR1L
0x06F0	0xFFE2C04E  	MOVFF       FARG_CANRead_CAN_RX_MSG_FLAGS+1, FSR1H
0x06F4	0x8EE6      	BSF         POSTINC1, 7 
L_CANRead38:
;__Lib_CAN_C_A.c,678 :: 		
0x06F6	0xD002      	BRA         L_CANRead39
L_CANRead36:
;__Lib_CAN_C_A.c,680 :: 		
0x06F8	0x6A00      	CLRF        R0 
0x06FA	0xD076      	BRA         L_end_CANRead
;__Lib_CAN_C_A.c,681 :: 		
L_CANRead39:
L_CANRead35:
;__Lib_CAN_C_A.c,684 :: 		
0x06FC	0x0E0F      	MOVLW       15
0x06FE	0x1465      	ANDWF       RXB0DLC, 0 
0x0700	0x6E00      	MOVWF       R0 
0x0702	0xF051C000  	MOVFF       R0, CANRead_ddatalen_L0
;__Lib_CAN_C_A.c,685 :: 		
0x0706	0xFFE1C04B  	MOVFF       FARG_CANRead_dataLen, FSR1L
0x070A	0xFFE2C04C  	MOVFF       FARG_CANRead_dataLen+1, FSR1H
0x070E	0xFFE6C000  	MOVFF       R0, POSTINC1
;__Lib_CAN_C_A.c,687 :: 		
0x0712	0xAC65      	BTFSS       RXB0DLC, 6 
0x0714	0xD009      	BRA         L_CANRead40
;__Lib_CAN_C_A.c,688 :: 		
0x0716	0xFFE9C04D  	MOVFF       FARG_CANRead_CAN_RX_MSG_FLAGS, FSR0L
0x071A	0xFFEAC04E  	MOVFF       FARG_CANRead_CAN_RX_MSG_FLAGS+1, FSR0H
0x071E	0xFFE1C04D  	MOVFF       FARG_CANRead_CAN_RX_MSG_FLAGS, FSR1L
0x0722	0xFFE2C04E  	MOVFF       FARG_CANRead_CAN_RX_MSG_FLAGS+1, FSR1H
0x0726	0x8CE6      	BSF         POSTINC1, 6 
L_CANRead40:
;__Lib_CAN_C_A.c,691 :: 		
0x0728	0xA662      	BTFSS       RXB0SIDL, 3 
0x072A	0xD01D      	BRA         L_CANRead41
;__Lib_CAN_C_A.c,692 :: 		
0x072C	0xFFE9C04D  	MOVFF       FARG_CANRead_CAN_RX_MSG_FLAGS, FSR0L
0x0730	0xFFEAC04E  	MOVFF       FARG_CANRead_CAN_RX_MSG_FLAGS+1, FSR0H
0x0734	0xFFE1C04D  	MOVFF       FARG_CANRead_CAN_RX_MSG_FLAGS, FSR1L
0x0738	0xFFE2C04E  	MOVFF       FARG_CANRead_CAN_RX_MSG_FLAGS+1, FSR1H
0x073C	0x8AE6      	BSF         POSTINC1, 5 
;__Lib_CAN_C_A.c,693 :: 		
0x073E	0x0E61      	MOVLW       RXB0SIDH
0x0740	0x6E54      	MOVWF       FARG___Lib_CAN_C_A_RegsToCANID_ptr 
0x0742	0x0E0F      	MOVLW       hi_addr(RXB0SIDH)
0x0744	0x6E55      	MOVWF       FARG___Lib_CAN_C_A_RegsToCANID_ptr+1 
0x0746	0x0EF7      	MOVLW       247
0x0748	0x6E56      	MOVWF       FARG___Lib_CAN_C_A_RegsToCANID_CAN_CONFIG_FLAGS 
0x074A	0xDDA8      	RCALL       __Lib_CAN_C_A_RegsToCANID
0x074C	0xFFE1C047  	MOVFF       FARG_CANRead_id, FSR1L
0x0750	0xFFE2C048  	MOVFF       FARG_CANRead_id+1, FSR1H
0x0754	0xFFE6C000  	MOVFF       R0, POSTINC1
0x0758	0xFFE6C001  	MOVFF       R1, POSTINC1
0x075C	0xFFE6C002  	MOVFF       R2, POSTINC1
0x0760	0xFFE6C003  	MOVFF       R3, POSTINC1
;__Lib_CAN_C_A.c,694 :: 		
0x0764	0xD013      	BRA         L_CANRead42
L_CANRead41:
;__Lib_CAN_C_A.c,696 :: 		
0x0766	0x0E61      	MOVLW       RXB0SIDH
0x0768	0x6E54      	MOVWF       FARG___Lib_CAN_C_A_RegsToCANID_ptr 
0x076A	0x0E0F      	MOVLW       hi_addr(RXB0SIDH)
0x076C	0x6E55      	MOVWF       FARG___Lib_CAN_C_A_RegsToCANID_ptr+1 
0x076E	0x0EFF      	MOVLW       255
0x0770	0x6E56      	MOVWF       FARG___Lib_CAN_C_A_RegsToCANID_CAN_CONFIG_FLAGS 
0x0772	0xDD94      	RCALL       __Lib_CAN_C_A_RegsToCANID
0x0774	0xFFE1C047  	MOVFF       FARG_CANRead_id, FSR1L
0x0778	0xFFE2C048  	MOVFF       FARG_CANRead_id+1, FSR1H
0x077C	0xFFE6C000  	MOVFF       R0, POSTINC1
0x0780	0xFFE6C001  	MOVFF       R1, POSTINC1
0x0784	0xFFE6C002  	MOVFF       R2, POSTINC1
0x0788	0xFFE6C003  	MOVFF       R3, POSTINC1
L_CANRead42:
;__Lib_CAN_C_A.c,699 :: 		
0x078C	0x6A4F      	CLRF        CANRead_i_L0 
;__Lib_CAN_C_A.c,700 :: 		
0x078E	0x0E66      	MOVLW       RXB0D0
0x0790	0x6E52      	MOVWF       CANRead_ptr_L0 
0x0792	0x0E0F      	MOVLW       hi_addr(RXB0D0)
0x0794	0x6E53      	MOVWF       CANRead_ptr_L0+1 
;__Lib_CAN_C_A.c,701 :: 		
L_CANRead43:
0x0796	0x5051      	MOVF        CANRead_ddatalen_L0, 0 
0x0798	0x5C4F      	SUBWF       CANRead_i_L0, 0 
0x079A	0xE210      	BC          L_CANRead44
;__Lib_CAN_C_A.c,702 :: 		
0x079C	0x504F      	MOVF        CANRead_i_L0, 0 
0x079E	0x2449      	ADDWF       FARG_CANRead_data_, 0 
0x07A0	0x6EE1      	MOVWF       FSR1L 
0x07A2	0x0E00      	MOVLW       0
0x07A4	0x204A      	ADDWFC      FARG_CANRead_data_+1, 0 
0x07A6	0x6EE2      	MOVWF       FSR1H 
0x07A8	0x504F      	MOVF        CANRead_i_L0, 0 
0x07AA	0x2452      	ADDWF       CANRead_ptr_L0, 0 
0x07AC	0x6EE9      	MOVWF       FSR0L 
0x07AE	0x0E00      	MOVLW       0
0x07B0	0x2053      	ADDWFC      CANRead_ptr_L0+1, 0 
0x07B2	0x6EEA      	MOVWF       FSR0H 
0x07B4	0xFFE6CFEE  	MOVFF       POSTINC0, POSTINC1
;__Lib_CAN_C_A.c,703 :: 		
0x07B8	0x2A4F      	INCF        CANRead_i_L0, 1 
;__Lib_CAN_C_A.c,704 :: 		
0x07BA	0xD7ED      	BRA         L_CANRead43
L_CANRead44:
;__Lib_CAN_C_A.c,707 :: 		
0x07BC	0x0EF1      	MOVLW       241
0x07BE	0x166F      	ANDWF       CANCON, 1 
;__Lib_CAN_C_A.c,710 :: 		
0x07C0	0xAEA4      	BTFSS       PIR3, 7 
0x07C2	0xD00A      	BRA         L_CANRead45
;__Lib_CAN_C_A.c,711 :: 		
0x07C4	0xFFE9C04D  	MOVFF       FARG_CANRead_CAN_RX_MSG_FLAGS, FSR0L
0x07C8	0xFFEAC04E  	MOVFF       FARG_CANRead_CAN_RX_MSG_FLAGS+1, FSR0H
0x07CC	0xFFE1C04D  	MOVFF       FARG_CANRead_CAN_RX_MSG_FLAGS, FSR1L
0x07D0	0xFFE2C04E  	MOVFF       FARG_CANRead_CAN_RX_MSG_FLAGS+1, FSR1H
0x07D4	0x88E6      	BSF         POSTINC1, 4 
;__Lib_CAN_C_A.c,712 :: 		
0x07D6	0x9EA4      	BCF         PIR3, 7 
;__Lib_CAN_C_A.c,713 :: 		
L_CANRead45:
;__Lib_CAN_C_A.c,715 :: 		
0x07D8	0x5250      	MOVF        CANRead_lbIsItBuffer0_L0, 1 
0x07DA	0xE002      	BZ          L_CANRead46
;__Lib_CAN_C_A.c,716 :: 		
0x07DC	0x9E60      	BCF         RXB0CON, 7 
0x07DE	0xD002      	BRA         L_CANRead47
L_CANRead46:
;__Lib_CAN_C_A.c,718 :: 		
0x07E0	0x010F      	MOVLB       15
0x07E2	0x9F50      	BCF         RXB1CON, 7, 1
L_CANRead47:
;__Lib_CAN_C_A.c,720 :: 		
0x07E4	0x0EFF      	MOVLW       255
0x07E6	0x6E00      	MOVWF       R0 
;__Lib_CAN_C_A.c,721 :: 		
L_end_CANRead:
0x07E8	0x0012      	RETURN      0
; end of _CANRead
_WordToStr:
;__Lib_Conversions.c,84 :: 		
;__Lib_Conversions.c,89 :: 		
0x07EA	0x6A4B      	CLRF        WordToStr_len_L0 
L_WordToStr6:
0x07EC	0x0E05      	MOVLW       5
0x07EE	0x5C4B      	SUBWF       WordToStr_len_L0, 0 
0x07F0	0xE20A      	BC          L_WordToStr7
;__Lib_Conversions.c,90 :: 		
0x07F2	0x504B      	MOVF        WordToStr_len_L0, 0 
0x07F4	0x2449      	ADDWF       FARG_WordToStr_output, 0 
0x07F6	0x6EE1      	MOVWF       FSR1L 
0x07F8	0x0E00      	MOVLW       0
0x07FA	0x204A      	ADDWFC      FARG_WordToStr_output+1, 0 
0x07FC	0x6EE2      	MOVWF       FSR1H 
0x07FE	0x0E20      	MOVLW       32
0x0800	0x6EE6      	MOVWF       POSTINC1 
;__Lib_Conversions.c,89 :: 		
0x0802	0x2A4B      	INCF        WordToStr_len_L0, 1 
;__Lib_Conversions.c,90 :: 		
0x0804	0xD7F3      	BRA         L_WordToStr6
L_WordToStr7:
;__Lib_Conversions.c,91 :: 		
0x0806	0x504B      	MOVF        WordToStr_len_L0, 0 
0x0808	0x2449      	ADDWF       FARG_WordToStr_output, 0 
0x080A	0x6EE1      	MOVWF       FSR1L 
0x080C	0x0E00      	MOVLW       0
0x080E	0x204A      	ADDWFC      FARG_WordToStr_output+1, 0 
0x0810	0x6EE2      	MOVWF       FSR1H 
0x0812	0x6AE6      	CLRF        POSTINC1 
0x0814	0x064B      	DECF        WordToStr_len_L0, 1 
;__Lib_Conversions.c,93 :: 		
L_WordToStr9:
;__Lib_Conversions.c,94 :: 		
0x0816	0x504B      	MOVF        WordToStr_len_L0, 0 
0x0818	0x2449      	ADDWF       FARG_WordToStr_output, 0 
0x081A	0x6E4C      	MOVWF       FLOC__WordToStr 
0x081C	0x0E00      	MOVLW       0
0x081E	0x204A      	ADDWFC      FARG_WordToStr_output+1, 0 
0x0820	0x6E4D      	MOVWF       FLOC__WordToStr+1 
0x0822	0x0E0A      	MOVLW       10
0x0824	0x6E04      	MOVWF       R4 
0x0826	0x0E00      	MOVLW       0
0x0828	0x6E05      	MOVWF       R5 
0x082A	0xF000C047  	MOVFF       FARG_WordToStr_input, R0
0x082E	0xF001C048  	MOVFF       FARG_WordToStr_input+1, R1
0x0832	0xDC7D      	RCALL       _Div_16X16_U
0x0834	0xF000C008  	MOVFF       R8, R0
0x0838	0xF001C009  	MOVFF       R9, R1
0x083C	0x0E30      	MOVLW       48
0x083E	0x2600      	ADDWF       R0, 1 
0x0840	0xFFE1C04C  	MOVFF       FLOC__WordToStr, FSR1L
0x0844	0xFFE2C04D  	MOVFF       FLOC__WordToStr+1, FSR1H
0x0848	0xFFE6C000  	MOVFF       R0, POSTINC1
;__Lib_Conversions.c,95 :: 		
0x084C	0x0E0A      	MOVLW       10
0x084E	0x6E04      	MOVWF       R4 
0x0850	0x0E00      	MOVLW       0
0x0852	0x6E05      	MOVWF       R5 
0x0854	0xF000C047  	MOVFF       FARG_WordToStr_input, R0
0x0858	0xF001C048  	MOVFF       FARG_WordToStr_input+1, R1
0x085C	0xDC68      	RCALL       _Div_16X16_U
0x085E	0xF047C000  	MOVFF       R0, FARG_WordToStr_input
0x0862	0xF048C001  	MOVFF       R1, FARG_WordToStr_input+1
;__Lib_Conversions.c,96 :: 		
0x0866	0x0E00      	MOVLW       0
0x0868	0x1801      	XORWF       R1, 0 
0x086A	0xE102      	BNZ         L__WordToStr109
0x086C	0x0E00      	MOVLW       0
0x086E	0x1800      	XORWF       R0, 0 
L__WordToStr109:
0x0870	0xE101      	BNZ         L_WordToStr11
;__Lib_Conversions.c,97 :: 		
0x0872	0xD002      	BRA         L_WordToStr10
L_WordToStr11:
;__Lib_Conversions.c,98 :: 		
0x0874	0x064B      	DECF        WordToStr_len_L0, 1 
;__Lib_Conversions.c,99 :: 		
0x0876	0xD7CF      	BRA         L_WordToStr9
L_WordToStr10:
;__Lib_Conversions.c,100 :: 		
L_end_WordToStr:
0x0878	0x0012      	RETURN      0
; end of _WordToStr
_main:
0x087A	0x0E53      	MOVLW       83
0x087C	0x6E15      	MOVWF       ?lstr1_CAN_Server 
0x087E	0x0E74      	MOVLW       116
0x0880	0x6E16      	MOVWF       22 
0x0882	0x0E61      	MOVLW       97
0x0884	0x6E17      	MOVWF       23 
0x0886	0x0E72      	MOVLW       114
0x0888	0x6E18      	MOVWF       24 
0x088A	0x0E74      	MOVLW       116
0x088C	0x6E19      	MOVWF       25 
0x088E	0x0E36      	MOVLW       54
0x0890	0x6E1A      	MOVWF       26 
0x0892	0x6A1B      	CLRF        27 
;CAN_Server.c,13 :: 		void main() {
;CAN_Server.c,15 :: 		OSCTUNE.PLLEN=1;   //****************************
0x0894	0x8C9B      	BSF         OSCTUNE, 6 
;CAN_Server.c,16 :: 		OSCCON.IRCF2=1;    //    Internal OSC = 8MHz
0x0896	0x8CD3      	BSF         OSCCON, 6 
;CAN_Server.c,17 :: 		OSCCON.IRCF1=1;    //
0x0898	0x8AD3      	BSF         OSCCON, 5 
;CAN_Server.c,18 :: 		OSCCON.IRCF0=1;    //****************************
0x089A	0x88D3      	BSF         OSCCON, 4 
;CAN_Server.c,20 :: 		UART1_Init(9600);  // Initialize UART module at 9600 bps
0x089C	0x86B8      	BSF         BAUDCON, 3, 0
0x089E	0x6AB0      	CLRF        SPBRGH 
0x08A0	0x0ECF      	MOVLW       207
0x08A2	0x6EAF      	MOVWF       SPBRG 
0x08A4	0x84AC      	BSF         TXSTA, 2, 0
0x08A6	0xDE80      	RCALL       _UART1_Init
;CAN_Server.c,21 :: 		Delay_ms(100);     // Wait for UART module to stabilize
0x08A8	0x0E02      	MOVLW       2
0x08AA	0x6E0B      	MOVWF       R11, 0
0x08AC	0x0E04      	MOVLW       4
0x08AE	0x6E0C      	MOVWF       R12, 0
0x08B0	0x0EBA      	MOVLW       186
0x08B2	0x6E0D      	MOVWF       R13, 0
L_main0:
0x08B4	0x2E0D      	DECFSZ      R13, 1, 0
0x08B6	0xD7FE      	BRA         L_main0
0x08B8	0x2E0C      	DECFSZ      R12, 1, 0
0x08BA	0xD7FC      	BRA         L_main0
0x08BC	0x2E0B      	DECFSZ      R11, 1, 0
0x08BE	0xD7FA      	BRA         L_main0
0x08C0	0x0000      	NOP
;CAN_Server.c,23 :: 		Can_Init_Flags = 0;                                       //
0x08C2	0x6A21      	CLRF        _Can_Init_Flags 
;CAN_Server.c,24 :: 		Can_Send_Flags = 0;                                       // clear flags
0x08C4	0x6A22      	CLRF        _Can_Send_Flags 
;CAN_Server.c,25 :: 		Can_Rcv_Flags  = 0;
0x08C6	0x6A23      	CLRF        _Can_Rcv_Flags 
;CAN_Server.c,29 :: 		_CAN_TX_NO_RTR_FRAME;
0x08C8	0x0EFC      	MOVLW       252
0x08CA	0x6E22      	MOVWF       _Can_Send_Flags 
;CAN_Server.c,36 :: 		_CAN_CONFIG_LINE_FILTER_OFF;
0x08CC	0x0E04      	MOVLW       4
0x08CE	0x6E21      	MOVWF       _Can_Init_Flags 
;CAN_Server.c,40 :: 		CANInitialize(0,38,0,0,0,Can_Init_Flags);                  // Initialize CAN module
0x08D0	0x6A47      	CLRF        FARG_CANInitialize_SJW 
0x08D2	0x0E26      	MOVLW       38
0x08D4	0x6E48      	MOVWF       FARG_CANInitialize_BRP 
0x08D6	0x6A49      	CLRF        FARG_CANInitialize_PHSEG1 
0x08D8	0x6A4A      	CLRF        FARG_CANInitialize_PHSEG2 
0x08DA	0x6A4B      	CLRF        FARG_CANInitialize_PROPSEG 
0x08DC	0x0E04      	MOVLW       4
0x08DE	0x6E4C      	MOVWF       FARG_CANInitialize_CAN_CONFIG_FLAGS 
0x08E0	0xDDD3      	RCALL       _CANInitialize
;CAN_Server.c,41 :: 		CANSetOperationMode(_CAN_MODE_CONFIG,0xFF);               // set CONFIGURATION mode
0x08E2	0x0E80      	MOVLW       128
0x08E4	0x6E54      	MOVWF       FARG_CANSetOperationMode_mode 
0x08E6	0x0EFF      	MOVLW       255
0x08E8	0x6E55      	MOVWF       FARG_CANSetOperationMode_WAIT 
0x08EA	0xDC12      	RCALL       _CANSetOperationMode
;CAN_Server.c,46 :: 		CANSetOperationMode(_CAN_MODE_NORMAL,0xFF);               // set NORMAL mode
0x08EC	0x6A54      	CLRF        FARG_CANSetOperationMode_mode 
0x08EE	0x0EFF      	MOVLW       255
0x08F0	0x6E55      	MOVWF       FARG_CANSetOperationMode_WAIT 
0x08F2	0xDC0E      	RCALL       _CANSetOperationMode
;CAN_Server.c,48 :: 		UART1_Write_Text("Start6");
0x08F4	0x0E15      	MOVLW       ?lstr1_CAN_Server
0x08F6	0x6E47      	MOVWF       FARG_UART1_Write_Text_uart_text 
0x08F8	0x0E00      	MOVLW       hi_addr(?lstr1_CAN_Server)
0x08FA	0x6E48      	MOVWF       FARG_UART1_Write_Text_uart_text+1 
0x08FC	0xDE80      	RCALL       _UART1_Write_Text
;CAN_Server.c,49 :: 		UART1_Write(0x0D);
0x08FE	0x0E0D      	MOVLW       13
0x0900	0x6E54      	MOVWF       FARG_UART1_Write_data_ 
0x0902	0xDD96      	RCALL       _UART1_Write
;CAN_Server.c,50 :: 		UART1_Write(0x0A);
0x0904	0x0E0A      	MOVLW       10
0x0906	0x6E54      	MOVWF       FARG_UART1_Write_data_ 
0x0908	0xDD93      	RCALL       _UART1_Write
;CAN_Server.c,51 :: 		TRISB.b1=0;
0x090A	0x9293      	BCF         TRISB, 1 
;CAN_Server.c,52 :: 		PORTB.b1=0;
0x090C	0x9281      	BCF         PORTB, 1 
;CAN_Server.c,53 :: 		Delay_ms(1000);
0x090E	0x0E0B      	MOVLW       11
0x0910	0x6E0B      	MOVWF       R11, 0
0x0912	0x0E26      	MOVLW       38
0x0914	0x6E0C      	MOVWF       R12, 0
0x0916	0x0E5D      	MOVLW       93
0x0918	0x6E0D      	MOVWF       R13, 0
L_main1:
0x091A	0x2E0D      	DECFSZ      R13, 1, 0
0x091C	0xD7FE      	BRA         L_main1
0x091E	0x2E0C      	DECFSZ      R12, 1, 0
0x0920	0xD7FC      	BRA         L_main1
0x0922	0x2E0B      	DECFSZ      R11, 1, 0
0x0924	0xD7FA      	BRA         L_main1
0x0926	0x0000      	NOP
0x0928	0x0000      	NOP
;CAN_Server.c,54 :: 		PORTB.b1=1;
0x092A	0x8281      	BSF         PORTB, 1 
;CAN_Server.c,55 :: 		Delay_ms(1000);
0x092C	0x0E0B      	MOVLW       11
0x092E	0x6E0B      	MOVWF       R11, 0
0x0930	0x0E26      	MOVLW       38
0x0932	0x6E0C      	MOVWF       R12, 0
0x0934	0x0E5D      	MOVLW       93
0x0936	0x6E0D      	MOVWF       R13, 0
L_main2:
0x0938	0x2E0D      	DECFSZ      R13, 1, 0
0x093A	0xD7FE      	BRA         L_main2
0x093C	0x2E0C      	DECFSZ      R12, 1, 0
0x093E	0xD7FC      	BRA         L_main2
0x0940	0x2E0B      	DECFSZ      R11, 1, 0
0x0942	0xD7FA      	BRA         L_main2
0x0944	0x0000      	NOP
0x0946	0x0000      	NOP
;CAN_Server.c,56 :: 		PORTB.b1=0x00;
0x0948	0x9281      	BCF         PORTB, 1 
;CAN_Server.c,58 :: 		while (1) {                     // Endless loop
L_main3:
;CAN_Server.c,63 :: 		Msg_Rcvd = CANRead(&Rx_ID , RxTx_Data , &Rx_Data_Len, &Can_Rcv_Flags); // receive message
0x094A	0x0E1D      	MOVLW       _Rx_ID
0x094C	0x6E47      	MOVWF       FARG_CANRead_id 
0x094E	0x0E00      	MOVLW       hi_addr(_Rx_ID)
0x0950	0x6E48      	MOVWF       FARG_CANRead_id+1 
0x0952	0x0E24      	MOVLW       _RxTx_Data
0x0954	0x6E49      	MOVWF       FARG_CANRead_data_ 
0x0956	0x0E00      	MOVLW       hi_addr(_RxTx_Data)
0x0958	0x6E4A      	MOVWF       FARG_CANRead_data_+1 
0x095A	0x0E38      	MOVLW       _Rx_Data_Len
0x095C	0x6E4B      	MOVWF       FARG_CANRead_dataLen 
0x095E	0x0E00      	MOVLW       hi_addr(_Rx_Data_Len)
0x0960	0x6E4C      	MOVWF       FARG_CANRead_dataLen+1 
0x0962	0x0E23      	MOVLW       _Can_Rcv_Flags
0x0964	0x6E4D      	MOVWF       FARG_CANRead_CAN_RX_MSG_FLAGS 
0x0966	0x0E00      	MOVLW       hi_addr(_Can_Rcv_Flags)
0x0968	0x6E4E      	MOVWF       FARG_CANRead_CAN_RX_MSG_FLAGS+1 
0x096A	0xDE61      	RCALL       _CANRead
0x096C	0xF01CC000  	MOVFF       R0, _Msg_Rcvd
;CAN_Server.c,65 :: 		if (Msg_Rcvd) {
0x0970	0x5200      	MOVF        R0, 1 
0x0972	0xE014      	BZ          L_main5
;CAN_Server.c,67 :: 		wordToStr(RxTx_Data[0], uart_rd_text);
0x0974	0xF047C024  	MOVFF       _RxTx_Data, FARG_WordToStr_input
0x0978	0x0E00      	MOVLW       0
0x097A	0x6E48      	MOVWF       FARG_WordToStr_input+1 
0x097C	0x0E39      	MOVLW       _uart_rd_text
0x097E	0x6E49      	MOVWF       FARG_WordToStr_output 
0x0980	0x0E00      	MOVLW       hi_addr(_uart_rd_text)
0x0982	0x6E4A      	MOVWF       FARG_WordToStr_output+1 
0x0984	0xDF32      	RCALL       _WordToStr
;CAN_Server.c,68 :: 		UART1_Write_Text(uart_rd_text);
0x0986	0x0E39      	MOVLW       _uart_rd_text
0x0988	0x6E47      	MOVWF       FARG_UART1_Write_Text_uart_text 
0x098A	0x0E00      	MOVLW       hi_addr(_uart_rd_text)
0x098C	0x6E48      	MOVWF       FARG_UART1_Write_Text_uart_text+1 
0x098E	0xDE37      	RCALL       _UART1_Write_Text
;CAN_Server.c,69 :: 		UART1_Write(0x0D);
0x0990	0x0E0D      	MOVLW       13
0x0992	0x6E54      	MOVWF       FARG_UART1_Write_data_ 
0x0994	0xDD4D      	RCALL       _UART1_Write
;CAN_Server.c,70 :: 		UART1_Write(0x0A);
0x0996	0x0E0A      	MOVLW       10
0x0998	0x6E54      	MOVWF       FARG_UART1_Write_data_ 
0x099A	0xDD4A      	RCALL       _UART1_Write
;CAN_Server.c,72 :: 		}
L_main5:
;CAN_Server.c,75 :: 		}
0x099C	0xD7D6      	BRA         L_main3
;CAN_Server.c,79 :: 		}
L_end_main:
0x099E	0xD7FF      	BRA         $+0
; end of _main
Symbol List:
//** Routines locations **
//ADDRESS    SIZE    PROCEDURE
//----------------------------------------------
0x001C     [244]    __Lib_CAN_C_A_CANIDToRegs
0x0110      [30]    _CANSetOperationMode
0x012E      [54]    _Div_16X16_U
0x0164     [240]    _CANSetFilter
0x0254      [72]    _CANSetBaudRate
0x029C     [404]    __Lib_CAN_C_A_RegsToCANID
0x0430      [14]    _UART1_Write
0x043E      [74]    _CANSetMask
0x0488     [272]    _CANInitialize
0x0598      [16]    ___CC2DW
0x05A8      [86]    _UART1_Init
0x05FE      [48]    _UART1_Write_Text
0x062E     [444]    _CANRead
0x07EA     [144]    _WordToStr
0x087A     [294]    _main
//** Variables locations ** 
//ADDRESS    SIZE    VARIABLE
//----------------------------------------------
0x0000       [1]    UART1_Init_tmp_L0
0x0000       [1]    R0
0x0001       [1]    R1
0x0001       [1]    UART1_Read___tmp_UART1_Read_L0
0x0002       [2]    memchr_s_L0
0x0002       [2]    memcpy_dd_L0
0x0002       [1]    R2
0x0002       [2]    memset_pp_L0
0x0002       [2]    strlen_cp_L0
0x0003       [2]    memmove_tt_L0
0x0003       [1]    R3
0x0003       [2]    Ltrim_original_L0
0x0003       [1]    __Lib_CAN_C_A_CANIDToRegs_loVal_L0
0x0004       [1]    R4
0x0004       [1]    __Lib_CAN_C_A_CANIDToRegs_hiVal_L0
0x0004       [2]    strncpy_cp_L0
0x0004       [2]    strcpy_cp_L0
0x0004       [2]    memcpy_ss_L0
0x0004       [2]    strcat_cp_L0
0x0004       [2]    strncat_cp_L0
0x0005       [2]    Ltrim_p_L0
0x0005       [1]    __Lib_CAN_C_A_CANIDToRegs_hrVal_L0
0x0005       [2]    LongIntToHex_input_half_L0
0x0005       [2]    LongWordToHex_input_half_L0
0x0005       [2]    memmove_ff_L0
0x0005       [1]    R5
0x0006       [1]    __Lib_CAN_C_A_CANIDToRegs_hsVal_L0
0x0006       [1]    R6
0x0007       [1]    R7
0x0008       [1]    R8
0x0009       [1]    R9
0x000A       [1]    R10
0x000B       [1]    R11
0x000C       [1]    R12
0x000D       [1]    R13
0x000E       [1]    R14
0x000F       [1]    R15
0x0010       [1]    R16
0x0011       [1]    R17
0x0012       [1]    R18
0x0013       [1]    R19
0x0014       [1]    R20
0x0015       [7]    ?lstr1_CAN_Server
0x001C       [1]    _Msg_Rcvd
0x001D       [4]    _Rx_ID
0x0021       [1]    _Can_Init_Flags
0x0022       [1]    _Can_Send_Flags
0x0023       [1]    _Can_Rcv_Flags
0x0024       [8]    _RxTx_Data
0x002C       [4]    _UART_Rd_Ptr
0x0030       [4]    _UART_Rdy_Ptr
0x0034       [4]    _UART_Tx_Idle_Ptr
0x0038       [1]    _Rx_Data_Len
0x0039      [10]    _uart_rd_text
0x0043       [4]    _UART_Wr_Ptr
0x0047       [2]    FARG_CANRead_id
0x0047       [1]    FARG_CANInitialize_SJW
0x0047       [2]    FARG_WordToStr_input
0x0047       [2]    FARG_UART1_Write_Text_uart_text
0x0048       [1]    FARG_CANInitialize_BRP
0x0049       [1]    FARG_CANInitialize_PHSEG1
0x0049       [2]    FARG_CANRead_data_
0x0049       [2]    FARG_WordToStr_output
0x0049       [1]    UART1_Write_Text_data__L0
0x004A       [1]    UART1_Write_Text_counter_L0
0x004A       [1]    FARG_CANInitialize_PHSEG2
0x004B       [2]    FARG_CANRead_dataLen
0x004B       [1]    WordToStr_len_L0
0x004B       [1]    FARG_CANInitialize_PROPSEG
0x004C       [1]    FARG_CANInitialize_CAN_CONFIG_FLAGS
0x004C       [2]    FLOC__WordToStr
0x004D       [1]    CANInitialize_FilterConfig1_L0
0x004D       [2]    FARG_CANRead_CAN_RX_MSG_FLAGS
0x004E       [1]    CANInitialize_FilterConfig2_L0
0x004F       [1]    CANRead_i_L0
0x0050       [1]    CANRead_lbIsItBuffer0_L0
0x0051       [1]    CANRead_ddatalen_L0
0x0052       [2]    CANRead_ptr_L0
0x0054       [1]    FARG_CANSetOperationMode_mode
0x0054       [1]    FARG_CANSetMask_CAN_MASK
0x0054       [1]    FARG_CANSetBaudRate_SJW
0x0054       [1]    FARG_UART1_Write_data_
0x0054       [2]    FARG___Lib_CAN_C_A_RegsToCANID_ptr
0x0054       [1]    FARG_CANSetFilter_CAN_FILTER
0x0055       [1]    FARG_CANSetBaudRate_BRP
0x0055       [1]    FARG_CANSetOperationMode_WAIT
0x0055       [4]    FARG_CANSetMask_val
0x0055       [4]    FARG_CANSetFilter_val
0x0056       [1]    FARG_CANSetBaudRate_PHSEG1
0x0056       [1]    FARG___Lib_CAN_C_A_RegsToCANID_CAN_CONFIG_FLAGS
0x0057       [4]    __Lib_CAN_C_A_RegsToCANID_rslt_L0
0x0057       [1]    FARG_CANSetBaudRate_PHSEG2
0x0058       [1]    FARG_CANSetBaudRate_PROPSEG
0x0059       [1]    FARG_CANSetFilter_CAN_CONFIG_FLAGS
0x0059       [1]    FARG_CANSetBaudRate_CAN_CONFIG_FLAGS
0x0059       [1]    FARG_CANSetMask_CAN_CONFIG_FLAGS
0x0061       [2]    FARG___Lib_CAN_C_A_CANIDToRegs_ptr
0x0063       [4]    FARG___Lib_CAN_C_A_CANIDToRegs_val
0x0067       [1]    FARG___Lib_CAN_C_A_CANIDToRegs_CAN_CONFIG_FLAGS
0x0F00       [1]    RXF0SIDH
0x0F04       [1]    RXF1SIDH
0x0F08       [1]    RXF2SIDH
0x0F0C       [1]    RXF3SIDH
0x0F10       [1]    RXF4SIDH
0x0F14       [1]    RXF5SIDH
0x0F18       [1]    RXM0SIDH
0x0F1C       [1]    RXM1SIDH
0x0F50       [1]    RXB1CON
0x0F60       [1]    RXB0CON
0x0F61       [1]    RXB0SIDH
0x0F62       [1]    RXB0SIDL
0x0F65       [1]    RXB0DLC
0x0F66       [1]    RXB0D0
0x0F6E       [1]    CANSTAT
0x0F6F       [1]    CANCON
0x0F70       [1]    BRGCON1
0x0F71       [1]    BRGCON2
0x0F72       [1]    BRGCON3
0x0F74       [1]    COMSTAT
0x0F81       [1]    PORTB
0x0F93       [1]    TRISB
0x0F94       [0]    TRISC6_bit
0x0F94       [0]    TRISC7_bit
0x0F9B       [1]    OSCTUNE
0x0F9E       [1]    PIR1
0x0FA4       [1]    PIR3
0x0FAB       [1]    RCSTA
0x0FAC       [1]    TXSTA
0x0FAD       [1]    TXREG
0x0FAE       [1]    RCREG
0x0FAF       [1]    SPBRG
0x0FB0       [1]    SPBRGH
0x0FB8       [1]    BAUDCON
0x0FD3       [1]    OSCCON
0x0FD8       [1]    STATUS
0x0FD9       [1]    FSR2L
0x0FDA       [1]    FSR2H
0x0FDE       [1]    POSTINC2
0x0FE0       [1]    BSR
0x0FE1       [1]    FSR1L
0x0FE2       [1]    FSR1H
0x0FE4       [1]    PREINC1
0x0FE6       [1]    POSTINC1
0x0FE7       [1]    INDF1
0x0FE8       [1]    WREG
0x0FE9       [1]    FSR0L
0x0FEA       [1]    FSR0H
0x0FEE       [1]    POSTINC0
0x0FF3       [1]    PRODL
0x0FF4       [1]    PRODH
0x0FF5       [1]    TABLAT
0x0FF6       [1]    TBLPTRL
0x0FF7       [1]    TBLPTRH
0x0FF8       [1]    TBLPTRU
