;  LST file generated by mikroListExporter - v.2.0 
; Date/Time: 04.09.2016 14:43:22
;----------------------------------------------

;Address Opcode 	ASM
0x0000	0xF002EF5C  	GOTO        1208
0x0004	0x0000      	NOP
0x0006	0x0000      	NOP
0x0008	0xF000EF00  	GOTO        0
0x000C	0x0000      	NOP
0x000E	0x0000      	NOP
0x0010	0x0000      	NOP
0x0012	0x0000      	NOP
0x0014	0x0000      	NOP
0x0016	0x0000      	NOP
0x0018	0xD7F3      	BRA         0
__Lib_CAN_C_A_CANIDToRegs:
;__Lib_CAN_C_A.c,191 :: 		
;__Lib_CAN_C_A.c,193 :: 		
0x001C	0xF003C035  	MOVFF       FARG___Lib_CAN_C_A_CANIDToRegs_val, R3
;__Lib_CAN_C_A.c,194 :: 		
0x0020	0xF004C036  	MOVFF       FARG___Lib_CAN_C_A_CANIDToRegs_val+1, R4
;__Lib_CAN_C_A.c,195 :: 		
0x0024	0xF005C037  	MOVFF       FARG___Lib_CAN_C_A_CANIDToRegs_val+2, R5
;__Lib_CAN_C_A.c,196 :: 		
0x0028	0xF006C038  	MOVFF       FARG___Lib_CAN_C_A_CANIDToRegs_val+3, R6
;__Lib_CAN_C_A.c,198 :: 		
0x002C	0xA639      	BTFSS       FARG___Lib_CAN_C_A_CANIDToRegs_CAN_CONFIG_FLAGS, 3 
0x002E	0xD02C      	BRA         L___Lib_CAN_C_A_CANIDToRegs0
;__Lib_CAN_C_A.c,200 :: 		
0x0030	0xF002C003  	MOVFF       R3, R2
0x0034	0x3202      	RRCF        R2, 1 
0x0036	0x9E02      	BCF         R2, 7 
0x0038	0x3202      	RRCF        R2, 1 
0x003A	0x9E02      	BCF         R2, 7 
0x003C	0x3202      	RRCF        R2, 1 
0x003E	0x9E02      	BCF         R2, 7 
0x0040	0x0E05      	MOVLW       5
0x0042	0x6E01      	MOVWF       R1 
0x0044	0xF000C004  	MOVFF       R4, R0
0x0048	0x5001      	MOVF        R1, 0 
L___Lib_CAN_C_A_CANIDToRegs55:
0x004A	0xE004      	BZ          L___Lib_CAN_C_A_CANIDToRegs56
0x004C	0x3600      	RLCF        R0, 1 
0x004E	0x9000      	BCF         R0, 0 
0x0050	0x0FFF      	ADDLW       255
0x0052	0xD7FB      	BRA         L___Lib_CAN_C_A_CANIDToRegs55
L___Lib_CAN_C_A_CANIDToRegs56:
0x0054	0xFFE1C033  	MOVFF       FARG___Lib_CAN_C_A_CANIDToRegs_ptr, FSR1L
0x0058	0xFFE2C034  	MOVFF       FARG___Lib_CAN_C_A_CANIDToRegs_ptr+1, FSR1H
0x005C	0x5000      	MOVF        R0, 0 
0x005E	0x1002      	IORWF       R2, 0 
0x0060	0x6EE6      	MOVWF       POSTINC1 
;__Lib_CAN_C_A.c,202 :: 		
0x0062	0x4A33      	INFSNZ      FARG___Lib_CAN_C_A_CANIDToRegs_ptr, 1 
0x0064	0x2A34      	INCF        FARG___Lib_CAN_C_A_CANIDToRegs_ptr+1, 1 
;__Lib_CAN_C_A.c,203 :: 		
0x0066	0x0E05      	MOVLW       5
0x0068	0x6E01      	MOVWF       R1 
0x006A	0xF000C003  	MOVFF       R3, R0
0x006E	0x5001      	MOVF        R1, 0 
L___Lib_CAN_C_A_CANIDToRegs57:
0x0070	0xE004      	BZ          L___Lib_CAN_C_A_CANIDToRegs58
0x0072	0x3600      	RLCF        R0, 1 
0x0074	0x9000      	BCF         R0, 0 
0x0076	0x0FFF      	ADDLW       255
0x0078	0xD7FB      	BRA         L___Lib_CAN_C_A_CANIDToRegs57
L___Lib_CAN_C_A_CANIDToRegs58:
0x007A	0xFFE1C033  	MOVFF       FARG___Lib_CAN_C_A_CANIDToRegs_ptr, FSR1L
0x007E	0xFFE2C034  	MOVFF       FARG___Lib_CAN_C_A_CANIDToRegs_ptr+1, FSR1H
0x0082	0xFFE6C000  	MOVFF       R0, POSTINC1
;__Lib_CAN_C_A.c,204 :: 		
0x0086	0xD042      	BRA         L___Lib_CAN_C_A_CANIDToRegs1
L___Lib_CAN_C_A_CANIDToRegs0:
;__Lib_CAN_C_A.c,207 :: 		
0x0088	0x0E05      	MOVLW       5
0x008A	0x6E00      	MOVWF       R0 
0x008C	0xF002C005  	MOVFF       R5, R2
0x0090	0x5000      	MOVF        R0, 0 
L___Lib_CAN_C_A_CANIDToRegs59:
0x0092	0xE004      	BZ          L___Lib_CAN_C_A_CANIDToRegs60
0x0094	0x3202      	RRCF        R2, 1 
0x0096	0x9E02      	BCF         R2, 7 
0x0098	0x0FFF      	ADDLW       255
0x009A	0xD7FB      	BRA         L___Lib_CAN_C_A_CANIDToRegs59
L___Lib_CAN_C_A_CANIDToRegs60:
0x009C	0xF000C006  	MOVFF       R6, R0
0x00A0	0x3600      	RLCF        R0, 1 
0x00A2	0x9000      	BCF         R0, 0 
0x00A4	0x3600      	RLCF        R0, 1 
0x00A6	0x9000      	BCF         R0, 0 
0x00A8	0x3600      	RLCF        R0, 1 
0x00AA	0x9000      	BCF         R0, 0 
0x00AC	0xFFE1C033  	MOVFF       FARG___Lib_CAN_C_A_CANIDToRegs_ptr, FSR1L
0x00B0	0xFFE2C034  	MOVFF       FARG___Lib_CAN_C_A_CANIDToRegs_ptr+1, FSR1H
0x00B4	0x5000      	MOVF        R0, 0 
0x00B6	0x1002      	IORWF       R2, 0 
0x00B8	0x6EE6      	MOVWF       POSTINC1 
;__Lib_CAN_C_A.c,209 :: 		
0x00BA	0x4A33      	INFSNZ      FARG___Lib_CAN_C_A_CANIDToRegs_ptr, 1 
0x00BC	0x2A34      	INCF        FARG___Lib_CAN_C_A_CANIDToRegs_ptr+1, 1 
;__Lib_CAN_C_A.c,210 :: 		
0x00BE	0xF000C005  	MOVFF       R5, R0
0x00C2	0x3600      	RLCF        R0, 1 
0x00C4	0x9000      	BCF         R0, 0 
0x00C6	0x3600      	RLCF        R0, 1 
0x00C8	0x9000      	BCF         R0, 0 
0x00CA	0x3600      	RLCF        R0, 1 
0x00CC	0x9000      	BCF         R0, 0 
0x00CE	0x0EE0      	MOVLW       224
0x00D0	0x1600      	ANDWF       R0, 1 
0x00D2	0x0E08      	MOVLW       8
0x00D4	0x1000      	IORWF       R0, 0 
0x00D6	0x6E01      	MOVWF       R1 
0x00D8	0x0E03      	MOVLW       3
0x00DA	0x1405      	ANDWF       R5, 0 
0x00DC	0x6E00      	MOVWF       R0 
0x00DE	0xFFE1C033  	MOVFF       FARG___Lib_CAN_C_A_CANIDToRegs_ptr, FSR1L
0x00E2	0xFFE2C034  	MOVFF       FARG___Lib_CAN_C_A_CANIDToRegs_ptr+1, FSR1H
0x00E6	0x5000      	MOVF        R0, 0 
0x00E8	0x1001      	IORWF       R1, 0 
0x00EA	0x6EE6      	MOVWF       POSTINC1 
;__Lib_CAN_C_A.c,214 :: 		
0x00EC	0x4A33      	INFSNZ      FARG___Lib_CAN_C_A_CANIDToRegs_ptr, 1 
0x00EE	0x2A34      	INCF        FARG___Lib_CAN_C_A_CANIDToRegs_ptr+1, 1 
;__Lib_CAN_C_A.c,216 :: 		
0x00F0	0xFFE1C033  	MOVFF       FARG___Lib_CAN_C_A_CANIDToRegs_ptr, FSR1L
0x00F4	0xFFE2C034  	MOVFF       FARG___Lib_CAN_C_A_CANIDToRegs_ptr+1, FSR1H
0x00F8	0xFFE6C004  	MOVFF       R4, POSTINC1
;__Lib_CAN_C_A.c,217 :: 		
0x00FC	0x4A33      	INFSNZ      FARG___Lib_CAN_C_A_CANIDToRegs_ptr, 1 
0x00FE	0x2A34      	INCF        FARG___Lib_CAN_C_A_CANIDToRegs_ptr+1, 1 
;__Lib_CAN_C_A.c,219 :: 		
0x0100	0xFFE1C033  	MOVFF       FARG___Lib_CAN_C_A_CANIDToRegs_ptr, FSR1L
0x0104	0xFFE2C034  	MOVFF       FARG___Lib_CAN_C_A_CANIDToRegs_ptr+1, FSR1H
0x0108	0xFFE6C003  	MOVFF       R3, POSTINC1
;__Lib_CAN_C_A.c,220 :: 		
L___Lib_CAN_C_A_CANIDToRegs1:
;__Lib_CAN_C_A.c,221 :: 		
L_end_CANIDToRegs:
0x010C	0x0012      	RETURN      0
; end of __Lib_CAN_C_A_CANIDToRegs
_CANSetOperationMode:
;__Lib_CAN_C_A.c,243 :: 		
;__Lib_CAN_C_A.c,244 :: 		
0x010E	0x522E      	MOVF        FARG_CANSetOperationMode_WAIT, 1 
0x0110	0xE00A      	BZ          L_CANSetOperationMode2
;__Lib_CAN_C_A.c,246 :: 		
0x0112	0xFF6FC02D  	MOVFF       FARG_CANSetOperationMode_mode, CANCON
;__Lib_CAN_C_A.c,248 :: 		
L_CANSetOperationMode3:
0x0116	0x0EE0      	MOVLW       224
0x0118	0x146E      	ANDWF       CANSTAT, 0 
0x011A	0x6E01      	MOVWF       R1 
0x011C	0x5001      	MOVF        R1, 0 
0x011E	0x182D      	XORWF       FARG_CANSetOperationMode_mode, 0 
0x0120	0xE001      	BZ          L_CANSetOperationMode4
0x0122	0xD7F9      	BRA         L_CANSetOperationMode3
L_CANSetOperationMode4:
;__Lib_CAN_C_A.c,249 :: 		
0x0124	0xD002      	BRA         L_CANSetOperationMode5
L_CANSetOperationMode2:
;__Lib_CAN_C_A.c,252 :: 		
0x0126	0xFF6FC02D  	MOVFF       FARG_CANSetOperationMode_mode, CANCON
;__Lib_CAN_C_A.c,253 :: 		
L_CANSetOperationMode5:
;__Lib_CAN_C_A.c,254 :: 		
L_end_CANSetOperationMode:
0x012A	0x0012      	RETURN      0
; end of _CANSetOperationMode
_CANSetMask:
;__Lib_CAN_C_A.c,379 :: 		
;__Lib_CAN_C_A.c,381 :: 		
0x012C	0x502D      	MOVF        FARG_CANSetMask_CAN_MASK, 0 
0x012E	0x0A00      	XORLW       0
0x0130	0xE110      	BNZ         L_CANSetMask9
;__Lib_CAN_C_A.c,382 :: 		
0x0132	0x0E18      	MOVLW       RXM0SIDH
0x0134	0x6E33      	MOVWF       FARG___Lib_CAN_C_A_CANIDToRegs_ptr 
0x0136	0x0E0F      	MOVLW       hi_addr(RXM0SIDH)
0x0138	0x6E34      	MOVWF       FARG___Lib_CAN_C_A_CANIDToRegs_ptr+1 
0x013A	0xF035C02E  	MOVFF       FARG_CANSetMask_val, FARG___Lib_CAN_C_A_CANIDToRegs_val
0x013E	0xF036C02F  	MOVFF       FARG_CANSetMask_val+1, FARG___Lib_CAN_C_A_CANIDToRegs_val+1
0x0142	0xF037C030  	MOVFF       FARG_CANSetMask_val+2, FARG___Lib_CAN_C_A_CANIDToRegs_val+2
0x0146	0xF038C031  	MOVFF       FARG_CANSetMask_val+3, FARG___Lib_CAN_C_A_CANIDToRegs_val+3
0x014A	0xF039C032  	MOVFF       FARG_CANSetMask_CAN_CONFIG_FLAGS, FARG___Lib_CAN_C_A_CANIDToRegs_CAN_CONFIG_FLAGS
0x014E	0xDF66      	RCALL       __Lib_CAN_C_A_CANIDToRegs
0x0150	0xD00F      	BRA         L_CANSetMask10
L_CANSetMask9:
;__Lib_CAN_C_A.c,385 :: 		
0x0152	0x0E1C      	MOVLW       RXM1SIDH
0x0154	0x6E33      	MOVWF       FARG___Lib_CAN_C_A_CANIDToRegs_ptr 
0x0156	0x0E0F      	MOVLW       hi_addr(RXM1SIDH)
0x0158	0x6E34      	MOVWF       FARG___Lib_CAN_C_A_CANIDToRegs_ptr+1 
0x015A	0xF035C02E  	MOVFF       FARG_CANSetMask_val, FARG___Lib_CAN_C_A_CANIDToRegs_val
0x015E	0xF036C02F  	MOVFF       FARG_CANSetMask_val+1, FARG___Lib_CAN_C_A_CANIDToRegs_val+1
0x0162	0xF037C030  	MOVFF       FARG_CANSetMask_val+2, FARG___Lib_CAN_C_A_CANIDToRegs_val+2
0x0166	0xF038C031  	MOVFF       FARG_CANSetMask_val+3, FARG___Lib_CAN_C_A_CANIDToRegs_val+3
0x016A	0xF039C032  	MOVFF       FARG_CANSetMask_CAN_CONFIG_FLAGS, FARG___Lib_CAN_C_A_CANIDToRegs_CAN_CONFIG_FLAGS
0x016E	0xDF56      	RCALL       __Lib_CAN_C_A_CANIDToRegs
L_CANSetMask10:
;__Lib_CAN_C_A.c,387 :: 		
L_end_CANSetMask:
0x0170	0x0012      	RETURN      0
; end of _CANSetMask
_CANSetFilter:
;__Lib_CAN_C_A.c,409 :: 		
;__Lib_CAN_C_A.c,411 :: 		
0x0172	0xD060      	BRA         L_CANSetFilter11
;__Lib_CAN_C_A.c,412 :: 		
L_CANSetFilter13:
;__Lib_CAN_C_A.c,413 :: 		
0x0174	0x0E00      	MOVLW       RXF0SIDH
0x0176	0x6E33      	MOVWF       FARG___Lib_CAN_C_A_CANIDToRegs_ptr 
0x0178	0x0E0F      	MOVLW       hi_addr(RXF0SIDH)
0x017A	0x6E34      	MOVWF       FARG___Lib_CAN_C_A_CANIDToRegs_ptr+1 
0x017C	0xF035C02E  	MOVFF       FARG_CANSetFilter_val, FARG___Lib_CAN_C_A_CANIDToRegs_val
0x0180	0xF036C02F  	MOVFF       FARG_CANSetFilter_val+1, FARG___Lib_CAN_C_A_CANIDToRegs_val+1
0x0184	0xF037C030  	MOVFF       FARG_CANSetFilter_val+2, FARG___Lib_CAN_C_A_CANIDToRegs_val+2
0x0188	0xF038C031  	MOVFF       FARG_CANSetFilter_val+3, FARG___Lib_CAN_C_A_CANIDToRegs_val+3
0x018C	0xF039C032  	MOVFF       FARG_CANSetFilter_CAN_CONFIG_FLAGS, FARG___Lib_CAN_C_A_CANIDToRegs_CAN_CONFIG_FLAGS
0x0190	0xDF45      	RCALL       __Lib_CAN_C_A_CANIDToRegs
;__Lib_CAN_C_A.c,414 :: 		
0x0192	0xD060      	BRA         L_CANSetFilter12
;__Lib_CAN_C_A.c,415 :: 		
L_CANSetFilter14:
;__Lib_CAN_C_A.c,416 :: 		
0x0194	0x0E04      	MOVLW       RXF1SIDH
0x0196	0x6E33      	MOVWF       FARG___Lib_CAN_C_A_CANIDToRegs_ptr 
0x0198	0x0E0F      	MOVLW       hi_addr(RXF1SIDH)
0x019A	0x6E34      	MOVWF       FARG___Lib_CAN_C_A_CANIDToRegs_ptr+1 
0x019C	0xF035C02E  	MOVFF       FARG_CANSetFilter_val, FARG___Lib_CAN_C_A_CANIDToRegs_val
0x01A0	0xF036C02F  	MOVFF       FARG_CANSetFilter_val+1, FARG___Lib_CAN_C_A_CANIDToRegs_val+1
0x01A4	0xF037C030  	MOVFF       FARG_CANSetFilter_val+2, FARG___Lib_CAN_C_A_CANIDToRegs_val+2
0x01A8	0xF038C031  	MOVFF       FARG_CANSetFilter_val+3, FARG___Lib_CAN_C_A_CANIDToRegs_val+3
0x01AC	0xF039C032  	MOVFF       FARG_CANSetFilter_CAN_CONFIG_FLAGS, FARG___Lib_CAN_C_A_CANIDToRegs_CAN_CONFIG_FLAGS
0x01B0	0xDF35      	RCALL       __Lib_CAN_C_A_CANIDToRegs
;__Lib_CAN_C_A.c,417 :: 		
0x01B2	0xD050      	BRA         L_CANSetFilter12
;__Lib_CAN_C_A.c,418 :: 		
L_CANSetFilter15:
;__Lib_CAN_C_A.c,419 :: 		
0x01B4	0x0E08      	MOVLW       RXF2SIDH
0x01B6	0x6E33      	MOVWF       FARG___Lib_CAN_C_A_CANIDToRegs_ptr 
0x01B8	0x0E0F      	MOVLW       hi_addr(RXF2SIDH)
0x01BA	0x6E34      	MOVWF       FARG___Lib_CAN_C_A_CANIDToRegs_ptr+1 
0x01BC	0xF035C02E  	MOVFF       FARG_CANSetFilter_val, FARG___Lib_CAN_C_A_CANIDToRegs_val
0x01C0	0xF036C02F  	MOVFF       FARG_CANSetFilter_val+1, FARG___Lib_CAN_C_A_CANIDToRegs_val+1
0x01C4	0xF037C030  	MOVFF       FARG_CANSetFilter_val+2, FARG___Lib_CAN_C_A_CANIDToRegs_val+2
0x01C8	0xF038C031  	MOVFF       FARG_CANSetFilter_val+3, FARG___Lib_CAN_C_A_CANIDToRegs_val+3
0x01CC	0xF039C032  	MOVFF       FARG_CANSetFilter_CAN_CONFIG_FLAGS, FARG___Lib_CAN_C_A_CANIDToRegs_CAN_CONFIG_FLAGS
0x01D0	0xDF25      	RCALL       __Lib_CAN_C_A_CANIDToRegs
;__Lib_CAN_C_A.c,420 :: 		
0x01D2	0xD040      	BRA         L_CANSetFilter12
;__Lib_CAN_C_A.c,421 :: 		
L_CANSetFilter16:
;__Lib_CAN_C_A.c,422 :: 		
0x01D4	0x0E0C      	MOVLW       RXF3SIDH
0x01D6	0x6E33      	MOVWF       FARG___Lib_CAN_C_A_CANIDToRegs_ptr 
0x01D8	0x0E0F      	MOVLW       hi_addr(RXF3SIDH)
0x01DA	0x6E34      	MOVWF       FARG___Lib_CAN_C_A_CANIDToRegs_ptr+1 
0x01DC	0xF035C02E  	MOVFF       FARG_CANSetFilter_val, FARG___Lib_CAN_C_A_CANIDToRegs_val
0x01E0	0xF036C02F  	MOVFF       FARG_CANSetFilter_val+1, FARG___Lib_CAN_C_A_CANIDToRegs_val+1
0x01E4	0xF037C030  	MOVFF       FARG_CANSetFilter_val+2, FARG___Lib_CAN_C_A_CANIDToRegs_val+2
0x01E8	0xF038C031  	MOVFF       FARG_CANSetFilter_val+3, FARG___Lib_CAN_C_A_CANIDToRegs_val+3
0x01EC	0xF039C032  	MOVFF       FARG_CANSetFilter_CAN_CONFIG_FLAGS, FARG___Lib_CAN_C_A_CANIDToRegs_CAN_CONFIG_FLAGS
0x01F0	0xDF15      	RCALL       __Lib_CAN_C_A_CANIDToRegs
;__Lib_CAN_C_A.c,423 :: 		
0x01F2	0xD030      	BRA         L_CANSetFilter12
;__Lib_CAN_C_A.c,424 :: 		
L_CANSetFilter17:
;__Lib_CAN_C_A.c,425 :: 		
0x01F4	0x0E10      	MOVLW       RXF4SIDH
0x01F6	0x6E33      	MOVWF       FARG___Lib_CAN_C_A_CANIDToRegs_ptr 
0x01F8	0x0E0F      	MOVLW       hi_addr(RXF4SIDH)
0x01FA	0x6E34      	MOVWF       FARG___Lib_CAN_C_A_CANIDToRegs_ptr+1 
0x01FC	0xF035C02E  	MOVFF       FARG_CANSetFilter_val, FARG___Lib_CAN_C_A_CANIDToRegs_val
0x0200	0xF036C02F  	MOVFF       FARG_CANSetFilter_val+1, FARG___Lib_CAN_C_A_CANIDToRegs_val+1
0x0204	0xF037C030  	MOVFF       FARG_CANSetFilter_val+2, FARG___Lib_CAN_C_A_CANIDToRegs_val+2
0x0208	0xF038C031  	MOVFF       FARG_CANSetFilter_val+3, FARG___Lib_CAN_C_A_CANIDToRegs_val+3
0x020C	0xF039C032  	MOVFF       FARG_CANSetFilter_CAN_CONFIG_FLAGS, FARG___Lib_CAN_C_A_CANIDToRegs_CAN_CONFIG_FLAGS
0x0210	0xDF05      	RCALL       __Lib_CAN_C_A_CANIDToRegs
;__Lib_CAN_C_A.c,426 :: 		
0x0212	0xD020      	BRA         L_CANSetFilter12
;__Lib_CAN_C_A.c,427 :: 		
L_CANSetFilter18:
;__Lib_CAN_C_A.c,428 :: 		
0x0214	0x0E14      	MOVLW       RXF5SIDH
0x0216	0x6E33      	MOVWF       FARG___Lib_CAN_C_A_CANIDToRegs_ptr 
0x0218	0x0E0F      	MOVLW       hi_addr(RXF5SIDH)
0x021A	0x6E34      	MOVWF       FARG___Lib_CAN_C_A_CANIDToRegs_ptr+1 
0x021C	0xF035C02E  	MOVFF       FARG_CANSetFilter_val, FARG___Lib_CAN_C_A_CANIDToRegs_val
0x0220	0xF036C02F  	MOVFF       FARG_CANSetFilter_val+1, FARG___Lib_CAN_C_A_CANIDToRegs_val+1
0x0224	0xF037C030  	MOVFF       FARG_CANSetFilter_val+2, FARG___Lib_CAN_C_A_CANIDToRegs_val+2
0x0228	0xF038C031  	MOVFF       FARG_CANSetFilter_val+3, FARG___Lib_CAN_C_A_CANIDToRegs_val+3
0x022C	0xF039C032  	MOVFF       FARG_CANSetFilter_CAN_CONFIG_FLAGS, FARG___Lib_CAN_C_A_CANIDToRegs_CAN_CONFIG_FLAGS
0x0230	0xDEF5      	RCALL       __Lib_CAN_C_A_CANIDToRegs
;__Lib_CAN_C_A.c,429 :: 		
0x0232	0xD010      	BRA         L_CANSetFilter12
L_CANSetFilter11:
0x0234	0x502D      	MOVF        FARG_CANSetFilter_CAN_FILTER, 0 
0x0236	0x0A00      	XORLW       0
0x0238	0xE09D      	BZ          L_CANSetFilter13
0x023A	0x502D      	MOVF        FARG_CANSetFilter_CAN_FILTER, 0 
0x023C	0x0A01      	XORLW       1
0x023E	0xE0AA      	BZ          L_CANSetFilter14
0x0240	0x502D      	MOVF        FARG_CANSetFilter_CAN_FILTER, 0 
0x0242	0x0A02      	XORLW       2
0x0244	0xE0B7      	BZ          L_CANSetFilter15
0x0246	0x502D      	MOVF        FARG_CANSetFilter_CAN_FILTER, 0 
0x0248	0x0A03      	XORLW       3
0x024A	0xE0C4      	BZ          L_CANSetFilter16
0x024C	0x502D      	MOVF        FARG_CANSetFilter_CAN_FILTER, 0 
0x024E	0x0A04      	XORLW       4
0x0250	0xE0D1      	BZ          L_CANSetFilter17
0x0252	0xD7E0      	BRA         L_CANSetFilter18
L_CANSetFilter12:
;__Lib_CAN_C_A.c,433 :: 		
L_end_CANSetFilter:
0x0254	0x0012      	RETURN      0
; end of _CANSetFilter
_Delay_22us:
;__Lib_Delays.c,15 :: 		void Delay_22us() {
;__Lib_Delays.c,16 :: 		Delay_us(22);
0x0256	0x0E0E      	MOVLW       14
0x0258	0x6E0D      	MOVWF       R13, 0
L_Delay_22us1:
0x025A	0x2E0D      	DECFSZ      R13, 1, 0
0x025C	0xD7FE      	BRA         L_Delay_22us1
0x025E	0x0000      	NOP
;__Lib_Delays.c,17 :: 		}
L_end_Delay_22us:
0x0260	0x0012      	RETURN      0
; end of _Delay_22us
_CANSetBaudRate:
;__Lib_CAN_C_A.c,334 :: 		
;__Lib_CAN_C_A.c,337 :: 		
0x0262	0x062D      	DECF        FARG_CANSetBaudRate_SJW, 1 
;__Lib_CAN_C_A.c,338 :: 		
0x0264	0x062E      	DECF        FARG_CANSetBaudRate_BRP, 1 
;__Lib_CAN_C_A.c,339 :: 		
0x0266	0x062F      	DECF        FARG_CANSetBaudRate_PHSEG1, 1 
;__Lib_CAN_C_A.c,340 :: 		
0x0268	0x0630      	DECF        FARG_CANSetBaudRate_PHSEG2, 1 
;__Lib_CAN_C_A.c,341 :: 		
0x026A	0x0631      	DECF        FARG_CANSetBaudRate_PROPSEG, 1 
;__Lib_CAN_C_A.c,343 :: 		
0x026C	0x0E06      	MOVLW       6
0x026E	0x6E00      	MOVWF       R0 
0x0270	0xFF70C02D  	MOVFF       FARG_CANSetBaudRate_SJW, BRGCON1
0x0274	0x5000      	MOVF        R0, 0 
L__CANSetBaudRate64:
0x0276	0xE004      	BZ          L__CANSetBaudRate65
0x0278	0x3670      	RLCF        BRGCON1, 1 
0x027A	0x9070      	BCF         BRGCON1, 0 
0x027C	0x0FFF      	ADDLW       255
0x027E	0xD7FB      	BRA         L__CANSetBaudRate64
L__CANSetBaudRate65:
;__Lib_CAN_C_A.c,344 :: 		
0x0280	0x502E      	MOVF        FARG_CANSetBaudRate_BRP, 0 
0x0282	0x1270      	IORWF       BRGCON1, 1 
;__Lib_CAN_C_A.c,345 :: 		
0x0284	0xFF71C02F  	MOVFF       FARG_CANSetBaudRate_PHSEG1, BRGCON2
0x0288	0x3671      	RLCF        BRGCON2, 1 
0x028A	0x9071      	BCF         BRGCON2, 0 
0x028C	0x3671      	RLCF        BRGCON2, 1 
0x028E	0x9071      	BCF         BRGCON2, 0 
0x0290	0x3671      	RLCF        BRGCON2, 1 
0x0292	0x9071      	BCF         BRGCON2, 0 
;__Lib_CAN_C_A.c,346 :: 		
0x0294	0x5031      	MOVF        FARG_CANSetBaudRate_PROPSEG, 0 
0x0296	0x1271      	IORWF       BRGCON2, 1 
;__Lib_CAN_C_A.c,348 :: 		
0x0298	0xA432      	BTFSS       FARG_CANSetBaudRate_CAN_CONFIG_FLAGS, 2 
;__Lib_CAN_C_A.c,349 :: 		
0x029A	0x8C71      	BSF         BRGCON2, 6 
L_CANSetBaudRate6:
;__Lib_CAN_C_A.c,351 :: 		
0x029C	0xB032      	BTFSC       FARG_CANSetBaudRate_CAN_CONFIG_FLAGS, 0 
;__Lib_CAN_C_A.c,352 :: 		
0x029E	0x8E71      	BSF         BRGCON2, 7 
L_CANSetBaudRate7:
;__Lib_CAN_C_A.c,355 :: 		
0x02A0	0xFF72C030  	MOVFF       FARG_CANSetBaudRate_PHSEG2, BRGCON3
;__Lib_CAN_C_A.c,356 :: 		
0x02A4	0xB232      	BTFSC       FARG_CANSetBaudRate_CAN_CONFIG_FLAGS, 1 
;__Lib_CAN_C_A.c,357 :: 		
0x02A6	0x8C72      	BSF         BRGCON3, 6 
L_CANSetBaudRate8:
;__Lib_CAN_C_A.c,358 :: 		
L_end_CANSetBaudRate:
0x02A8	0x0012      	RETURN      0
; end of _CANSetBaudRate
_CANWrite:
;__Lib_CAN_C_A.c,532 :: 		
;__Lib_CAN_C_A.c,538 :: 		
0x02AA	0x010F      	MOVLB       15
0x02AC	0xB740      	BTFSC       TXB0CON, 3, 1
0x02AE	0xD004      	BRA         L_CANWrite21
;__Lib_CAN_C_A.c,540 :: 		
0x02B0	0x0EF1      	MOVLW       241
0x02B2	0x166F      	ANDWF       CANCON, 1 
;__Lib_CAN_C_A.c,541 :: 		
0x02B4	0x866F      	BSF         CANCON, 3 
;__Lib_CAN_C_A.c,542 :: 		
0x02B6	0xD00F      	BRA         L_CANWrite22
L_CANWrite21:
;__Lib_CAN_C_A.c,544 :: 		
0x02B8	0xB730      	BTFSC       TXB1CON, 3, 1
0x02BA	0xD005      	BRA         L_CANWrite23
;__Lib_CAN_C_A.c,546 :: 		
0x02BC	0x0EF1      	MOVLW       241
0x02BE	0x166F      	ANDWF       CANCON, 1 
;__Lib_CAN_C_A.c,547 :: 		
0x02C0	0x0E06      	MOVLW       6
0x02C2	0x126F      	IORWF       CANCON, 1 
;__Lib_CAN_C_A.c,548 :: 		
0x02C4	0xD008      	BRA         L_CANWrite24
L_CANWrite23:
;__Lib_CAN_C_A.c,550 :: 		
0x02C6	0xB720      	BTFSC       TXB2CON, 3, 1
0x02C8	0xD004      	BRA         L_CANWrite25
;__Lib_CAN_C_A.c,552 :: 		
0x02CA	0x0EF1      	MOVLW       241
0x02CC	0x166F      	ANDWF       CANCON, 1 
;__Lib_CAN_C_A.c,553 :: 		
0x02CE	0x846F      	BSF         CANCON, 2 
;__Lib_CAN_C_A.c,554 :: 		
0x02D0	0xD002      	BRA         L_CANWrite26
L_CANWrite25:
;__Lib_CAN_C_A.c,559 :: 		
0x02D2	0x6A00      	CLRF        R0 
0x02D4	0xD045      	BRA         L_end_CANWrite
;__Lib_CAN_C_A.c,560 :: 		
L_CANWrite26:
;__Lib_CAN_C_A.c,561 :: 		
L_CANWrite24:
;__Lib_CAN_C_A.c,562 :: 		
L_CANWrite22:
;__Lib_CAN_C_A.c,569 :: 		
0x02D6	0x0E03      	MOVLW       3
0x02D8	0x1429      	ANDWF       FARG_CANWrite_CAN_TX_MSG_FLAGS, 0 
0x02DA	0x6E60      	MOVWF       RXB0CON 
;__Lib_CAN_C_A.c,573 :: 		
0x02DC	0xB629      	BTFSC       FARG_CANWrite_CAN_TX_MSG_FLAGS, 3 
0x02DE	0xD010      	BRA         L_CANWrite27
;__Lib_CAN_C_A.c,574 :: 		
0x02E0	0x0E61      	MOVLW       RXB0SIDH
0x02E2	0x6E33      	MOVWF       FARG___Lib_CAN_C_A_CANIDToRegs_ptr 
0x02E4	0x0E0F      	MOVLW       hi_addr(RXB0SIDH)
0x02E6	0x6E34      	MOVWF       FARG___Lib_CAN_C_A_CANIDToRegs_ptr+1 
0x02E8	0xF035C022  	MOVFF       FARG_CANWrite_id, FARG___Lib_CAN_C_A_CANIDToRegs_val
0x02EC	0xF036C023  	MOVFF       FARG_CANWrite_id+1, FARG___Lib_CAN_C_A_CANIDToRegs_val+1
0x02F0	0xF037C024  	MOVFF       FARG_CANWrite_id+2, FARG___Lib_CAN_C_A_CANIDToRegs_val+2
0x02F4	0xF038C025  	MOVFF       FARG_CANWrite_id+3, FARG___Lib_CAN_C_A_CANIDToRegs_val+3
0x02F8	0x0EF7      	MOVLW       247
0x02FA	0x6E39      	MOVWF       FARG___Lib_CAN_C_A_CANIDToRegs_CAN_CONFIG_FLAGS 
0x02FC	0xDE8F      	RCALL       __Lib_CAN_C_A_CANIDToRegs
0x02FE	0xD00F      	BRA         L_CANWrite28
L_CANWrite27:
;__Lib_CAN_C_A.c,576 :: 		
0x0300	0x0E61      	MOVLW       RXB0SIDH
0x0302	0x6E33      	MOVWF       FARG___Lib_CAN_C_A_CANIDToRegs_ptr 
0x0304	0x0E0F      	MOVLW       hi_addr(RXB0SIDH)
0x0306	0x6E34      	MOVWF       FARG___Lib_CAN_C_A_CANIDToRegs_ptr+1 
0x0308	0xF035C022  	MOVFF       FARG_CANWrite_id, FARG___Lib_CAN_C_A_CANIDToRegs_val
0x030C	0xF036C023  	MOVFF       FARG_CANWrite_id+1, FARG___Lib_CAN_C_A_CANIDToRegs_val+1
0x0310	0xF037C024  	MOVFF       FARG_CANWrite_id+2, FARG___Lib_CAN_C_A_CANIDToRegs_val+2
0x0314	0xF038C025  	MOVFF       FARG_CANWrite_id+3, FARG___Lib_CAN_C_A_CANIDToRegs_val+3
0x0318	0x0EFF      	MOVLW       255
0x031A	0x6E39      	MOVWF       FARG___Lib_CAN_C_A_CANIDToRegs_CAN_CONFIG_FLAGS 
0x031C	0xDE7F      	RCALL       __Lib_CAN_C_A_CANIDToRegs
L_CANWrite28:
;__Lib_CAN_C_A.c,578 :: 		
0x031E	0xFF65C028  	MOVFF       FARG_CANWrite_DataLen, RXB0DLC
;__Lib_CAN_C_A.c,580 :: 		
0x0322	0xAC29      	BTFSS       FARG_CANWrite_CAN_TX_MSG_FLAGS, 6 
;__Lib_CAN_C_A.c,581 :: 		
0x0324	0x8C65      	BSF         RXB0DLC, 6 
L_CANWrite29:
;__Lib_CAN_C_A.c,585 :: 		
0x0326	0x0E66      	MOVLW       RXB0D0
0x0328	0x6E2B      	MOVWF       CANWrite_ptr_L0 
0x032A	0x0E0F      	MOVLW       hi_addr(RXB0D0)
0x032C	0x6E2C      	MOVWF       CANWrite_ptr_L0+1 
;__Lib_CAN_C_A.c,586 :: 		
0x032E	0x6A2A      	CLRF        CANWrite_i_L0 
;__Lib_CAN_C_A.c,587 :: 		
L_CANWrite30:
0x0330	0x5028      	MOVF        FARG_CANWrite_DataLen, 0 
0x0332	0x5C2A      	SUBWF       CANWrite_i_L0, 0 
0x0334	0xE210      	BC          L_CANWrite31
;__Lib_CAN_C_A.c,588 :: 		
0x0336	0x502A      	MOVF        CANWrite_i_L0, 0 
0x0338	0x242B      	ADDWF       CANWrite_ptr_L0, 0 
0x033A	0x6EE1      	MOVWF       FSR1L 
0x033C	0x0E00      	MOVLW       0
0x033E	0x202C      	ADDWFC      CANWrite_ptr_L0+1, 0 
0x0340	0x6EE2      	MOVWF       FSR1H 
0x0342	0x502A      	MOVF        CANWrite_i_L0, 0 
0x0344	0x2426      	ADDWF       FARG_CANWrite_data_, 0 
0x0346	0x6EE9      	MOVWF       FSR0L 
0x0348	0x0E00      	MOVLW       0
0x034A	0x2027      	ADDWFC      FARG_CANWrite_data_+1, 0 
0x034C	0x6EEA      	MOVWF       FSR0H 
0x034E	0xFFE6CFEE  	MOVFF       POSTINC0, POSTINC1
;__Lib_CAN_C_A.c,589 :: 		
0x0352	0x2A2A      	INCF        CANWrite_i_L0, 1 
;__Lib_CAN_C_A.c,590 :: 		
0x0354	0xD7ED      	BRA         L_CANWrite30
L_CANWrite31:
;__Lib_CAN_C_A.c,600 :: 		
0x0356	0x8660      	BSF         RXB0CON, 3 
;__Lib_CAN_C_A.c,606 :: 		
0x0358	0x0EF1      	MOVLW       241
0x035A	0x166F      	ANDWF       CANCON, 1 
;__Lib_CAN_C_A.c,608 :: 		
0x035C	0x0EFF      	MOVLW       255
0x035E	0x6E00      	MOVWF       R0 
;__Lib_CAN_C_A.c,609 :: 		
L_end_CANWrite:
0x0360	0x0012      	RETURN      0
; end of _CANWrite
_CANInitialize:
;__Lib_CAN_C_A.c,769 :: 		
;__Lib_CAN_C_A.c,774 :: 		
0x0362	0x9493      	BCF         TRISB, 2 
;__Lib_CAN_C_A.c,775 :: 		
0x0364	0x8693      	BSF         TRISB, 3 
;__Lib_CAN_C_A.c,776 :: 		
0x0366	0x0E80      	MOVLW       128
0x0368	0x6E2D      	MOVWF       FARG_CANSetOperationMode_mode 
0x036A	0x0EFF      	MOVLW       255
0x036C	0x6E2E      	MOVWF       FARG_CANSetOperationMode_WAIT 
0x036E	0xDECF      	RCALL       _CANSetOperationMode
;__Lib_CAN_C_A.c,779 :: 		
0x0370	0xF02DC022  	MOVFF       FARG_CANInitialize_SJW, FARG_CANSetBaudRate_SJW
;__Lib_CAN_C_A.c,780 :: 		
0x0374	0xF02EC023  	MOVFF       FARG_CANInitialize_BRP, FARG_CANSetBaudRate_BRP
;__Lib_CAN_C_A.c,781 :: 		
0x0378	0xF02FC024  	MOVFF       FARG_CANInitialize_PHSEG1, FARG_CANSetBaudRate_PHSEG1
;__Lib_CAN_C_A.c,782 :: 		
0x037C	0xF030C025  	MOVFF       FARG_CANInitialize_PHSEG2, FARG_CANSetBaudRate_PHSEG2
;__Lib_CAN_C_A.c,783 :: 		
0x0380	0xF031C026  	MOVFF       FARG_CANInitialize_PROPSEG, FARG_CANSetBaudRate_PROPSEG
;__Lib_CAN_C_A.c,784 :: 		
0x0384	0xF032C027  	MOVFF       FARG_CANInitialize_CAN_CONFIG_FLAGS, FARG_CANSetBaudRate_CAN_CONFIG_FLAGS
0x0388	0xDF6C      	RCALL       _CANSetBaudRate
;__Lib_CAN_C_A.c,786 :: 		
0x038A	0x0E60      	MOVLW       96
0x038C	0x1427      	ANDWF       FARG_CANInitialize_CAN_CONFIG_FLAGS, 0 
0x038E	0x6E60      	MOVWF       RXB0CON 
;__Lib_CAN_C_A.c,787 :: 		
0x0390	0x0E10      	MOVLW       16
0x0392	0x1427      	ANDWF       FARG_CANInitialize_CAN_CONFIG_FLAGS, 0 
0x0394	0x6E01      	MOVWF       R1 
;__Lib_CAN_C_A.c,788 :: 		
0x0396	0x5001      	MOVF        R1, 0 
0x0398	0x0A10      	XORLW       16
0x039A	0xB4D8      	BTFSC       STATUS, 2 
;__Lib_CAN_C_A.c,789 :: 		
0x039C	0x8460      	BSF         RXB0CON, 2 
L_CANInitialize48:
;__Lib_CAN_C_A.c,791 :: 		
0x039E	0xFF50CF60  	MOVFF       RXB0CON, RXB1CON
;__Lib_CAN_C_A.c,793 :: 		
0x03A2	0x6A2D      	CLRF        FARG_CANSetMask_CAN_MASK 
0x03A4	0x6A2E      	CLRF        FARG_CANSetMask_val 
0x03A6	0x6A2F      	CLRF        FARG_CANSetMask_val+1 
0x03A8	0x6A30      	CLRF        FARG_CANSetMask_val+2 
0x03AA	0x6A31      	CLRF        FARG_CANSetMask_val+3 
0x03AC	0x0EF7      	MOVLW       247
0x03AE	0x6E32      	MOVWF       FARG_CANSetMask_CAN_CONFIG_FLAGS 
0x03B0	0xDEBD      	RCALL       _CANSetMask
;__Lib_CAN_C_A.c,794 :: 		
0x03B2	0x0E01      	MOVLW       1
0x03B4	0x6E2D      	MOVWF       FARG_CANSetMask_CAN_MASK 
0x03B6	0x6A2E      	CLRF        FARG_CANSetMask_val 
0x03B8	0x6A2F      	CLRF        FARG_CANSetMask_val+1 
0x03BA	0x6A30      	CLRF        FARG_CANSetMask_val+2 
0x03BC	0x6A31      	CLRF        FARG_CANSetMask_val+3 
0x03BE	0x0EF7      	MOVLW       247
0x03C0	0x6E32      	MOVWF       FARG_CANSetMask_CAN_CONFIG_FLAGS 
0x03C2	0xDEB4      	RCALL       _CANSetMask
;__Lib_CAN_C_A.c,796 :: 		
0x03C4	0x0E60      	MOVLW       96
0x03C6	0x1427      	ANDWF       FARG_CANInitialize_CAN_CONFIG_FLAGS, 0 
0x03C8	0x6E00      	MOVWF       R0 
0x03CA	0x0E9F      	MOVLW       159
0x03CC	0x1000      	IORWF       R0, 0 
0x03CE	0x6E01      	MOVWF       R1 
0x03D0	0xD00F      	BRA         L_CANInitialize49
;__Lib_CAN_C_A.c,798 :: 		
L_CANInitialize51:
;__Lib_CAN_C_A.c,799 :: 		
0x03D2	0x0EF7      	MOVLW       247
0x03D4	0x6E28      	MOVWF       CANInitialize_FilterConfig1_L0 
;__Lib_CAN_C_A.c,800 :: 		
0x03D6	0x0EF7      	MOVLW       247
0x03D8	0x6E29      	MOVWF       CANInitialize_FilterConfig2_L0 
;__Lib_CAN_C_A.c,801 :: 		
0x03DA	0xD011      	BRA         L_CANInitialize50
;__Lib_CAN_C_A.c,802 :: 		
L_CANInitialize52:
;__Lib_CAN_C_A.c,803 :: 		
0x03DC	0x0EFF      	MOVLW       255
0x03DE	0x6E28      	MOVWF       CANInitialize_FilterConfig1_L0 
;__Lib_CAN_C_A.c,804 :: 		
0x03E0	0x0EFF      	MOVLW       255
0x03E2	0x6E29      	MOVWF       CANInitialize_FilterConfig2_L0 
;__Lib_CAN_C_A.c,805 :: 		
0x03E4	0xD00C      	BRA         L_CANInitialize50
;__Lib_CAN_C_A.c,806 :: 		
L_CANInitialize53:
;__Lib_CAN_C_A.c,807 :: 		
0x03E6	0x0EFF      	MOVLW       255
0x03E8	0x6E28      	MOVWF       CANInitialize_FilterConfig1_L0 
;__Lib_CAN_C_A.c,808 :: 		
0x03EA	0x0EF7      	MOVLW       247
0x03EC	0x6E29      	MOVWF       CANInitialize_FilterConfig2_L0 
;__Lib_CAN_C_A.c,809 :: 		
0x03EE	0xD007      	BRA         L_CANInitialize50
L_CANInitialize49:
0x03F0	0x5001      	MOVF        R1, 0 
0x03F2	0x0ADF      	XORLW       223
0x03F4	0xE0EE      	BZ          L_CANInitialize51
0x03F6	0x5001      	MOVF        R1, 0 
0x03F8	0x0ABF      	XORLW       191
0x03FA	0xE0F0      	BZ          L_CANInitialize52
0x03FC	0xD7F4      	BRA         L_CANInitialize53
L_CANInitialize50:
;__Lib_CAN_C_A.c,812 :: 		
0x03FE	0x6A2D      	CLRF        FARG_CANSetFilter_CAN_FILTER 
0x0400	0x6A2E      	CLRF        FARG_CANSetFilter_val 
0x0402	0x6A2F      	CLRF        FARG_CANSetFilter_val+1 
0x0404	0x6A30      	CLRF        FARG_CANSetFilter_val+2 
0x0406	0x6A31      	CLRF        FARG_CANSetFilter_val+3 
0x0408	0xF032C028  	MOVFF       CANInitialize_FilterConfig1_L0, FARG_CANSetFilter_CAN_CONFIG_FLAGS
0x040C	0xDEB2      	RCALL       _CANSetFilter
;__Lib_CAN_C_A.c,813 :: 		
0x040E	0x0E01      	MOVLW       1
0x0410	0x6E2D      	MOVWF       FARG_CANSetFilter_CAN_FILTER 
0x0412	0x6A2E      	CLRF        FARG_CANSetFilter_val 
0x0414	0x6A2F      	CLRF        FARG_CANSetFilter_val+1 
0x0416	0x6A30      	CLRF        FARG_CANSetFilter_val+2 
0x0418	0x6A31      	CLRF        FARG_CANSetFilter_val+3 
0x041A	0xF032C028  	MOVFF       CANInitialize_FilterConfig1_L0, FARG_CANSetFilter_CAN_CONFIG_FLAGS
0x041E	0xDEA9      	RCALL       _CANSetFilter
;__Lib_CAN_C_A.c,814 :: 		
0x0420	0x0E02      	MOVLW       2
0x0422	0x6E2D      	MOVWF       FARG_CANSetFilter_CAN_FILTER 
0x0424	0x6A2E      	CLRF        FARG_CANSetFilter_val 
0x0426	0x6A2F      	CLRF        FARG_CANSetFilter_val+1 
0x0428	0x6A30      	CLRF        FARG_CANSetFilter_val+2 
0x042A	0x6A31      	CLRF        FARG_CANSetFilter_val+3 
0x042C	0xF032C029  	MOVFF       CANInitialize_FilterConfig2_L0, FARG_CANSetFilter_CAN_CONFIG_FLAGS
0x0430	0xDEA0      	RCALL       _CANSetFilter
;__Lib_CAN_C_A.c,815 :: 		
0x0432	0x0E03      	MOVLW       3
0x0434	0x6E2D      	MOVWF       FARG_CANSetFilter_CAN_FILTER 
0x0436	0x6A2E      	CLRF        FARG_CANSetFilter_val 
0x0438	0x6A2F      	CLRF        FARG_CANSetFilter_val+1 
0x043A	0x6A30      	CLRF        FARG_CANSetFilter_val+2 
0x043C	0x6A31      	CLRF        FARG_CANSetFilter_val+3 
0x043E	0xF032C029  	MOVFF       CANInitialize_FilterConfig2_L0, FARG_CANSetFilter_CAN_CONFIG_FLAGS
0x0442	0xDE97      	RCALL       _CANSetFilter
;__Lib_CAN_C_A.c,816 :: 		
0x0444	0x0E04      	MOVLW       4
0x0446	0x6E2D      	MOVWF       FARG_CANSetFilter_CAN_FILTER 
0x0448	0x6A2E      	CLRF        FARG_CANSetFilter_val 
0x044A	0x6A2F      	CLRF        FARG_CANSetFilter_val+1 
0x044C	0x6A30      	CLRF        FARG_CANSetFilter_val+2 
0x044E	0x6A31      	CLRF        FARG_CANSetFilter_val+3 
0x0450	0xF032C029  	MOVFF       CANInitialize_FilterConfig2_L0, FARG_CANSetFilter_CAN_CONFIG_FLAGS
0x0454	0xDE8E      	RCALL       _CANSetFilter
;__Lib_CAN_C_A.c,817 :: 		
0x0456	0x0E05      	MOVLW       5
0x0458	0x6E2D      	MOVWF       FARG_CANSetFilter_CAN_FILTER 
0x045A	0x6A2E      	CLRF        FARG_CANSetFilter_val 
0x045C	0x6A2F      	CLRF        FARG_CANSetFilter_val+1 
0x045E	0x6A30      	CLRF        FARG_CANSetFilter_val+2 
0x0460	0x6A31      	CLRF        FARG_CANSetFilter_val+3 
0x0462	0xF032C029  	MOVFF       CANInitialize_FilterConfig2_L0, FARG_CANSetFilter_CAN_CONFIG_FLAGS
0x0466	0xDE85      	RCALL       _CANSetFilter
;__Lib_CAN_C_A.c,820 :: 		
0x0468	0x6A2D      	CLRF        FARG_CANSetOperationMode_mode 
0x046A	0x0EFF      	MOVLW       255
0x046C	0x6E2E      	MOVWF       FARG_CANSetOperationMode_WAIT 
0x046E	0xDE4F      	RCALL       _CANSetOperationMode
;__Lib_CAN_C_A.c,821 :: 		
L_end_CANInitialize:
0x0470	0x0012      	RETURN      0
; end of _CANInitialize
___CC2DW:
;__Lib_System.c,21 :: 		
;__Lib_System.c,23 :: 		
_CC2DL_Loop1:
;__Lib_System.c,24 :: 		
0x0472	0x0009      	TBLRD*+
;__Lib_System.c,25 :: 		
0x0474	0xFFE6CFF5  	MOVFF       TABLAT, POSTINC1
;__Lib_System.c,26 :: 		
0x0478	0x0600      	DECF        R0, 1, 0
;__Lib_System.c,27 :: 		
0x047A	0xE1FB      	BNZ         _CC2DL_Loop1
;__Lib_System.c,28 :: 		
0x047C	0x0601      	DECF        R1, 1, 0
;__Lib_System.c,29 :: 		
0x047E	0xE1F9      	BNZ         _CC2DL_Loop1
;__Lib_System.c,31 :: 		
L_end___CC2DW:
0x0480	0x0012      	RETURN      0
; end of ___CC2DW
_ADC_Read:
;__Lib_ADC_A_D.c,35 :: 		
;__Lib_ADC_A_D.c,38 :: 		
0x0482	0x6AC2      	CLRF        ADCON0 
;__Lib_ADC_A_D.c,39 :: 		
0x0484	0x0E07      	MOVLW       7
0x0486	0x12C0      	IORWF       ADCON2, 1 
;__Lib_ADC_A_D.c,40 :: 		
0x0488	0x8EC0      	BSF         ADCON2, 7 
;__Lib_ADC_A_D.c,41 :: 		
0x048A	0xF000C022  	MOVFF       FARG_ADC_Read_channel, R0
0x048E	0x3600      	RLCF        R0, 1 
0x0490	0x9000      	BCF         R0, 0 
0x0492	0x3600      	RLCF        R0, 1 
0x0494	0x9000      	BCF         R0, 0 
0x0496	0x5000      	MOVF        R0, 0 
0x0498	0x12C2      	IORWF       ADCON0, 1 
;__Lib_ADC_A_D.c,42 :: 		
0x049A	0x80C2      	BSF         ADCON0, 0 
;__Lib_ADC_A_D.c,43 :: 		
0x049C	0xDEDC      	RCALL       _Delay_22us
;__Lib_ADC_A_D.c,44 :: 		
0x049E	0x82C2      	BSF         ADCON0, 1 
;__Lib_ADC_A_D.c,45 :: 		
L_ADC_Read2:
0x04A0	0xA2C2      	BTFSS       ADCON0, 1 
0x04A2	0xD001      	BRA         L_ADC_Read3
;__Lib_ADC_A_D.c,46 :: 		
0x04A4	0xD7FD      	BRA         L_ADC_Read2
L_ADC_Read3:
;__Lib_ADC_A_D.c,47 :: 		
0x04A6	0xF001CFC4  	MOVFF       ADRESH, R1
0x04AA	0x6A00      	CLRF        R0 
;__Lib_ADC_A_D.c,48 :: 		
0x04AC	0x50C3      	MOVF        ADRESL, 0 
0x04AE	0x1200      	IORWF       R0, 1 
0x04B0	0x0E00      	MOVLW       0
0x04B2	0x1201      	IORWF       R1, 1 
;__Lib_ADC_A_D.c,49 :: 		
0x04B4	0x90C2      	BCF         ADCON0, 0 
;__Lib_ADC_A_D.c,51 :: 		
;__Lib_ADC_A_D.c,52 :: 		
L_end_ADC_Read:
0x04B6	0x0012      	RETURN      0
; end of _ADC_Read
_main:
;CAN_Client_Lazer.c,26 :: 		void main() {
;CAN_Client_Lazer.c,28 :: 		OSCTUNE.PLLEN=1;   //****************************
0x04B8	0x8C9B      	BSF         OSCTUNE, 6 
;CAN_Client_Lazer.c,29 :: 		OSCCON.IRCF2=1;    //    Internal OSC = 8MHz
0x04BA	0x8CD3      	BSF         OSCCON, 6 
;CAN_Client_Lazer.c,30 :: 		OSCCON.IRCF1=1;    //
0x04BC	0x8AD3      	BSF         OSCCON, 5 
;CAN_Client_Lazer.c,31 :: 		OSCCON.IRCF0=1;    //****************************
0x04BE	0x88D3      	BSF         OSCCON, 4 
;CAN_Client_Lazer.c,36 :: 		Can_Init_Flags = 0;                                       //
0x04C0	0x6A20      	CLRF        _Can_Init_Flags 
;CAN_Client_Lazer.c,37 :: 		Can_Send_Flags = 0;                                       // clear flags
0x04C2	0x6A21      	CLRF        _Can_Send_Flags 
;CAN_Client_Lazer.c,38 :: 		Can_Rcv_Flags  = 0;                                       //
0x04C4	0x6A17      	CLRF        _Can_Rcv_Flags 
;CAN_Client_Lazer.c,42 :: 		_CAN_TX_NO_RTR_FRAME;
0x04C6	0x0EFC      	MOVLW       252
0x04C8	0x6E21      	MOVWF       _Can_Send_Flags 
;CAN_Client_Lazer.c,49 :: 		_CAN_CONFIG_LINE_FILTER_OFF;
0x04CA	0x0E04      	MOVLW       4
0x04CC	0x6E20      	MOVWF       _Can_Init_Flags 
;CAN_Client_Lazer.c,53 :: 		CANInitialize(0,38,0,0,0,Can_Init_Flags);                  // Initialize CAN module
0x04CE	0x6A22      	CLRF        FARG_CANInitialize_SJW 
0x04D0	0x0E26      	MOVLW       38
0x04D2	0x6E23      	MOVWF       FARG_CANInitialize_BRP 
0x04D4	0x6A24      	CLRF        FARG_CANInitialize_PHSEG1 
0x04D6	0x6A25      	CLRF        FARG_CANInitialize_PHSEG2 
0x04D8	0x6A26      	CLRF        FARG_CANInitialize_PROPSEG 
0x04DA	0x0E04      	MOVLW       4
0x04DC	0x6E27      	MOVWF       FARG_CANInitialize_CAN_CONFIG_FLAGS 
0x04DE	0xDF41      	RCALL       _CANInitialize
;CAN_Client_Lazer.c,54 :: 		CANSetOperationMode(_CAN_MODE_CONFIG,0xFF);               // set CONFIGURATION mode
0x04E0	0x0E80      	MOVLW       128
0x04E2	0x6E2D      	MOVWF       FARG_CANSetOperationMode_mode 
0x04E4	0x0EFF      	MOVLW       255
0x04E6	0x6E2E      	MOVWF       FARG_CANSetOperationMode_WAIT 
0x04E8	0xDE12      	RCALL       _CANSetOperationMode
;CAN_Client_Lazer.c,59 :: 		CANSetOperationMode(_CAN_MODE_NORMAL,0xFF);               // set NORMAL mode
0x04EA	0x6A2D      	CLRF        FARG_CANSetOperationMode_mode 
0x04EC	0x0EFF      	MOVLW       255
0x04EE	0x6E2E      	MOVWF       FARG_CANSetOperationMode_WAIT 
0x04F0	0xDE0E      	RCALL       _CANSetOperationMode
;CAN_Client_Lazer.c,61 :: 		ADCON1.VCFG0=0;  //  Connect Vref to internal source
0x04F2	0x98C1      	BCF         ADCON1, 4 
;CAN_Client_Lazer.c,62 :: 		ADCON1.VCFG1=0;
0x04F4	0x9AC1      	BCF         ADCON1, 5 
;CAN_Client_Lazer.c,63 :: 		LAZER_input_Direction=1; // Input AN1 as input tris
0x04F6	0x8292      	BSF         TRISA1_bit, BitPos(TRISA1_bit+0) 
;CAN_Client_Lazer.c,66 :: 		LED_Lazerdetect_Direction=0;
0x04F8	0x9093      	BCF         TRISB0_bit, BitPos(TRISB0_bit+0) 
;CAN_Client_Lazer.c,67 :: 		LED_CANactive_Direction=0;
0x04FA	0x9293      	BCF         TRISB1_bit, BitPos(TRISB1_bit+0) 
;CAN_Client_Lazer.c,68 :: 		LAZER_Direction=0;
0x04FC	0x9893      	BCF         TRISB4_bit, BitPos(TRISB4_bit+0) 
;CAN_Client_Lazer.c,71 :: 		LED_Lazerdetect=1;
0x04FE	0x8081      	BSF         RB0_bit, BitPos(RB0_bit+0) 
;CAN_Client_Lazer.c,72 :: 		LED_CANactive=1;
0x0500	0x8281      	BSF         RB1_bit, BitPos(RB1_bit+0) 
;CAN_Client_Lazer.c,73 :: 		LAZER=0;
0x0502	0x9881      	BCF         RB4_bit, BitPos(RB4_bit+0) 
;CAN_Client_Lazer.c,74 :: 		Delay_ms(1000);
0x0504	0x0E0B      	MOVLW       11
0x0506	0x6E0B      	MOVWF       R11, 0
0x0508	0x0E26      	MOVLW       38
0x050A	0x6E0C      	MOVWF       R12, 0
0x050C	0x0E5D      	MOVLW       93
0x050E	0x6E0D      	MOVWF       R13, 0
L_main0:
0x0510	0x2E0D      	DECFSZ      R13, 1, 0
0x0512	0xD7FE      	BRA         L_main0
0x0514	0x2E0C      	DECFSZ      R12, 1, 0
0x0516	0xD7FC      	BRA         L_main0
0x0518	0x2E0B      	DECFSZ      R11, 1, 0
0x051A	0xD7FA      	BRA         L_main0
0x051C	0x0000      	NOP
0x051E	0x0000      	NOP
;CAN_Client_Lazer.c,75 :: 		LED_Lazerdetect=0;
0x0520	0x9081      	BCF         RB0_bit, BitPos(RB0_bit+0) 
;CAN_Client_Lazer.c,76 :: 		LED_CANactive=0;
0x0522	0x9281      	BCF         RB1_bit, BitPos(RB1_bit+0) 
;CAN_Client_Lazer.c,77 :: 		LAZER=1;
0x0524	0x8881      	BSF         RB4_bit, BitPos(RB4_bit+0) 
;CAN_Client_Lazer.c,79 :: 		Delay_ms(1000);
0x0526	0x0E0B      	MOVLW       11
0x0528	0x6E0B      	MOVWF       R11, 0
0x052A	0x0E26      	MOVLW       38
0x052C	0x6E0C      	MOVWF       R12, 0
0x052E	0x0E5D      	MOVLW       93
0x0530	0x6E0D      	MOVWF       R13, 0
L_main1:
0x0532	0x2E0D      	DECFSZ      R13, 1, 0
0x0534	0xD7FE      	BRA         L_main1
0x0536	0x2E0C      	DECFSZ      R12, 1, 0
0x0538	0xD7FC      	BRA         L_main1
0x053A	0x2E0B      	DECFSZ      R11, 1, 0
0x053C	0xD7FA      	BRA         L_main1
0x053E	0x0000      	NOP
0x0540	0x0000      	NOP
;CAN_Client_Lazer.c,80 :: 		LED_Lazerdetect=1;
0x0542	0x8081      	BSF         RB0_bit, BitPos(RB0_bit+0) 
;CAN_Client_Lazer.c,81 :: 		LED_CANactive=1;
0x0544	0x8281      	BSF         RB1_bit, BitPos(RB1_bit+0) 
;CAN_Client_Lazer.c,82 :: 		LAZER=1;
0x0546	0x8881      	BSF         RB4_bit, BitPos(RB4_bit+0) 
;CAN_Client_Lazer.c,85 :: 		while (1) {                     // Endless loop
L_main2:
;CAN_Client_Lazer.c,90 :: 		ad_res = ADC_Read(1);   // Get 10-bit results of AD conversion
0x0548	0x0E01      	MOVLW       1
0x054A	0x6E22      	MOVWF       FARG_ADC_Read_channel 
0x054C	0xDF9A      	RCALL       _ADC_Read
0x054E	0xF015C000  	MOVFF       R0, _ad_res
0x0552	0xF016C001  	MOVFF       R1, _ad_res+1
;CAN_Client_Lazer.c,91 :: 		if(ad_res < 500) {LED_Lazerdetect=0;} else {LED_Lazerdetect=1;}
0x0556	0x0E01      	MOVLW       1
0x0558	0x5C01      	SUBWF       R1, 0 
0x055A	0xE102      	BNZ         L__main8
0x055C	0x0EF4      	MOVLW       244
0x055E	0x5C00      	SUBWF       R0, 0 
L__main8:
0x0560	0xE202      	BC          L_main4
0x0562	0x9081      	BCF         RB0_bit, BitPos(RB0_bit+0) 
0x0564	0xD001      	BRA         L_main5
L_main4:
0x0566	0x8081      	BSF         RB0_bit, BitPos(RB0_bit+0) 
L_main5:
;CAN_Client_Lazer.c,92 :: 		RxTx_Data[0] = ad_res;
0x0568	0xF018C015  	MOVFF       _ad_res, _RxTx_Data
;CAN_Client_Lazer.c,93 :: 		RxTx_Data[1] = ad_res >> 8;
0x056C	0xF000C016  	MOVFF       _ad_res+1, R0
0x0570	0x6A01      	CLRF        R1 
0x0572	0xF019C000  	MOVFF       R0, _RxTx_Data+1
;CAN_Client_Lazer.c,94 :: 		CANWrite(ID_2nd, RxTx_Data, 8, Can_Send_Flags);           // send initial message
0x0576	0x0E02      	MOVLW       2
0x0578	0x6E22      	MOVWF       FARG_CANWrite_id 
0x057A	0x0E00      	MOVLW       0
0x057C	0x6E23      	MOVWF       FARG_CANWrite_id+1 
0x057E	0x0E00      	MOVLW       0
0x0580	0x6E24      	MOVWF       FARG_CANWrite_id+2 
0x0582	0x0E00      	MOVLW       0
0x0584	0x6E25      	MOVWF       FARG_CANWrite_id+3 
0x0586	0x0E18      	MOVLW       _RxTx_Data
0x0588	0x6E26      	MOVWF       FARG_CANWrite_data_ 
0x058A	0x0E00      	MOVLW       hi_addr(_RxTx_Data)
0x058C	0x6E27      	MOVWF       FARG_CANWrite_data_+1 
0x058E	0x0E08      	MOVLW       8
0x0590	0x6E28      	MOVWF       FARG_CANWrite_DataLen 
0x0592	0xF029C021  	MOVFF       _Can_Send_Flags, FARG_CANWrite_CAN_TX_MSG_FLAGS
0x0596	0xDE89      	RCALL       _CANWrite
;CAN_Client_Lazer.c,101 :: 		Delay_ms(500);
0x0598	0x0E06      	MOVLW       6
0x059A	0x6E0B      	MOVWF       R11, 0
0x059C	0x0E13      	MOVLW       19
0x059E	0x6E0C      	MOVWF       R12, 0
0x05A0	0x0EAD      	MOVLW       173
0x05A2	0x6E0D      	MOVWF       R13, 0
L_main6:
0x05A4	0x2E0D      	DECFSZ      R13, 1, 0
0x05A6	0xD7FE      	BRA         L_main6
0x05A8	0x2E0C      	DECFSZ      R12, 1, 0
0x05AA	0xD7FC      	BRA         L_main6
0x05AC	0x2E0B      	DECFSZ      R11, 1, 0
0x05AE	0xD7FA      	BRA         L_main6
0x05B0	0x0000      	NOP
0x05B2	0x0000      	NOP
;CAN_Client_Lazer.c,103 :: 		}
0x05B4	0xD7C9      	BRA         L_main2
;CAN_Client_Lazer.c,107 :: 		}
L_end_main:
0x05B6	0xD7FF      	BRA         $+0
; end of _main
Symbol List:
//** Routines locations **
//ADDRESS    SIZE    PROCEDURE
//----------------------------------------------
0x001C     [242]    __Lib_CAN_C_A_CANIDToRegs
0x010E      [30]    _CANSetOperationMode
0x012C      [70]    _CANSetMask
0x0172     [228]    _CANSetFilter
0x0256      [12]    _Delay_22us
0x0262      [72]    _CANSetBaudRate
0x02AA     [184]    _CANWrite
0x0362     [272]    _CANInitialize
0x0472      [16]    ___CC2DW
0x0482      [54]    _ADC_Read
0x04B8     [256]    _main
//** Variables locations ** 
//ADDRESS    SIZE    VARIABLE
//----------------------------------------------
0x0000       [1]    UART1_Init_tmp_L0
0x0000       [1]    R0
0x0001       [1]    R1
0x0001       [1]    UART1_Read___tmp_UART1_Read_L0
0x0002       [2]    strlen_cp_L0
0x0002       [2]    memchr_s_L0
0x0002       [2]    memcpy_dd_L0
0x0002       [2]    memset_pp_L0
0x0002       [1]    R2
0x0003       [2]    memmove_tt_L0
0x0003       [1]    __Lib_CAN_C_A_CANIDToRegs_loVal_L0
0x0003       [1]    R3
0x0003       [2]    Ltrim_original_L0
0x0004       [2]    strncat_cp_L0
0x0004       [1]    R4
0x0004       [2]    strcpy_cp_L0
0x0004       [2]    strncpy_cp_L0
0x0004       [1]    __Lib_CAN_C_A_CANIDToRegs_hiVal_L0
0x0004       [2]    memcpy_ss_L0
0x0004       [2]    strcat_cp_L0
0x0005       [2]    Ltrim_p_L0
0x0005       [2]    LongIntToHex_input_half_L0
0x0005       [2]    LongWordToHex_input_half_L0
0x0005       [2]    memmove_ff_L0
0x0005       [1]    R5
0x0005       [1]    __Lib_CAN_C_A_CANIDToRegs_hrVal_L0
0x0006       [1]    R6
0x0006       [1]    __Lib_CAN_C_A_CANIDToRegs_hsVal_L0
0x0007       [1]    R7
0x0008       [1]    R8
0x0009       [1]    R9
0x000A       [1]    R10
0x000B       [1]    R11
0x000C       [1]    R12
0x000D       [1]    R13
0x000E       [1]    R14
0x000F       [1]    R15
0x0010       [1]    R16
0x0011       [1]    R17
0x0012       [1]    R18
0x0013       [1]    R19
0x0014       [1]    R20
0x0015       [2]    _ad_res
0x0017       [1]    _Can_Rcv_Flags
0x0018       [8]    _RxTx_Data
0x0020       [1]    _Can_Init_Flags
0x0021       [1]    _Can_Send_Flags
0x0022       [1]    FARG_CANInitialize_SJW
0x0022       [1]    FARG_ADC_Read_channel
0x0022       [4]    FARG_CANWrite_id
0x0023       [1]    FARG_CANInitialize_BRP
0x0024       [1]    FARG_CANInitialize_PHSEG1
0x0025       [1]    FARG_CANInitialize_PHSEG2
0x0026       [2]    FARG_CANWrite_data_
0x0026       [1]    FARG_CANInitialize_PROPSEG
0x0027       [1]    FARG_CANInitialize_CAN_CONFIG_FLAGS
0x0028       [1]    CANInitialize_FilterConfig1_L0
0x0028       [1]    FARG_CANWrite_DataLen
0x0029       [1]    CANInitialize_FilterConfig2_L0
0x0029       [1]    FARG_CANWrite_CAN_TX_MSG_FLAGS
0x002A       [1]    CANWrite_i_L0
0x002B       [2]    CANWrite_ptr_L0
0x002D       [1]    FARG_CANSetBaudRate_SJW
0x002D       [1]    FARG_CANSetOperationMode_mode
0x002D       [1]    FARG_CANSetFilter_CAN_FILTER
0x002D       [1]    FARG_CANSetMask_CAN_MASK
0x002E       [4]    FARG_CANSetFilter_val
0x002E       [4]    FARG_CANSetMask_val
0x002E       [1]    FARG_CANSetOperationMode_WAIT
0x002E       [1]    FARG_CANSetBaudRate_BRP
0x002F       [1]    FARG_CANSetBaudRate_PHSEG1
0x0030       [1]    FARG_CANSetBaudRate_PHSEG2
0x0031       [1]    FARG_CANSetBaudRate_PROPSEG
0x0032       [1]    FARG_CANSetMask_CAN_CONFIG_FLAGS
0x0032       [1]    FARG_CANSetFilter_CAN_CONFIG_FLAGS
0x0032       [1]    FARG_CANSetBaudRate_CAN_CONFIG_FLAGS
0x0033       [2]    FARG___Lib_CAN_C_A_CANIDToRegs_ptr
0x0035       [4]    FARG___Lib_CAN_C_A_CANIDToRegs_val
0x0039       [1]    FARG___Lib_CAN_C_A_CANIDToRegs_CAN_CONFIG_FLAGS
0x0F00       [1]    RXF0SIDH
0x0F04       [1]    RXF1SIDH
0x0F08       [1]    RXF2SIDH
0x0F0C       [1]    RXF3SIDH
0x0F10       [1]    RXF4SIDH
0x0F14       [1]    RXF5SIDH
0x0F18       [1]    RXM0SIDH
0x0F1C       [1]    RXM1SIDH
0x0F20       [1]    TXB2CON
0x0F30       [1]    TXB1CON
0x0F40       [1]    TXB0CON
0x0F50       [1]    RXB1CON
0x0F60       [1]    RXB0CON
0x0F61       [1]    RXB0SIDH
0x0F65       [1]    RXB0DLC
0x0F66       [1]    RXB0D0
0x0F6E       [1]    CANSTAT
0x0F6F       [1]    CANCON
0x0F70       [1]    BRGCON1
0x0F71       [1]    BRGCON2
0x0F72       [1]    BRGCON3
0x0F81       [0]    RB1_bit
0x0F81       [0]    RB0_bit
0x0F81       [0]    LAZER
0x0F81       [0]    RB4_bit
0x0F81       [0]    LED_Lazerdetect
0x0F81       [0]    LED_CANactive
0x0F92       [0]    TRISA1_bit
0x0F92       [0]    LAZER_input_Direction
0x0F93       [0]    TRISB4_bit
0x0F93       [0]    TRISB1_bit
0x0F93       [0]    TRISB0_bit
0x0F93       [1]    TRISB
0x0F93       [0]    LED_Lazerdetect_Direction
0x0F93       [0]    LED_CANactive_Direction
0x0F93       [0]    LAZER_Direction
0x0F9B       [1]    OSCTUNE
0x0FC0       [1]    ADCON2
0x0FC1       [1]    ADCON1
0x0FC2       [1]    ADCON0
0x0FC3       [1]    ADRESL
0x0FC4       [1]    ADRESH
0x0FD3       [1]    OSCCON
0x0FD8       [1]    STATUS
0x0FD9       [1]    FSR2L
0x0FDA       [1]    FSR2H
0x0FDE       [1]    POSTINC2
0x0FE0       [1]    BSR
0x0FE1       [1]    FSR1L
0x0FE2       [1]    FSR1H
0x0FE4       [1]    PREINC1
0x0FE6       [1]    POSTINC1
0x0FE7       [1]    INDF1
0x0FE8       [1]    WREG
0x0FE9       [1]    FSR0L
0x0FEA       [1]    FSR0H
0x0FEE       [1]    POSTINC0
0x0FF3       [1]    PRODL
0x0FF4       [1]    PRODH
0x0FF5       [1]    TABLAT
0x0FF6       [1]    TBLPTRL
0x0FF7       [1]    TBLPTRH
0x0FF8       [1]    TBLPTRU
